{"C:\\Users\\MohammadTalhaNomani\\source\\repos\\github\\microsoft-account-profile-information\\source\\progressive-web-app\\Source\\main.ts": {"path":"C:\\Users\\MohammadTalhaNomani\\source\\repos\\github\\microsoft-account-profile-information\\source\\progressive-web-app\\Source\\main.ts","statementMap":{"0":{"start":{"line":23,"column":0},"end":{"line":25,"column":null}},"1":{"start":{"line":24,"column":2},"end":{"line":24,"column":null}},"2":{"start":{"line":27,"column":0},"end":{"line":27,"column":null}},"3":{"start":{"line":29,"column":0},"end":{"line":51,"column":null}}},"fnMap":{},"branchMap":{"0":{"loc":{"start":{"line":23,"column":0},"end":{"line":25,"column":null}},"type":"if","locations":[{"start":{"line":23,"column":0},"end":{"line":25,"column":null}},{"start":{},"end":{}}],"line":23}},"s":{"0":0,"1":0,"2":0,"3":0},"f":{},"b":{"0":[0,0]},"meta":{"lastBranch":1,"lastFunction":0,"lastStatement":4,"seen":{"b:23:0:25:Infinity:undefined:undefined:undefined:undefined":0,"s:23:0:25:Infinity":0,"s:24:2:24:Infinity":1,"s:27:0:27:Infinity":2,"s:29:0:51:Infinity":3}}}
,"C:\\Users\\MohammadTalhaNomani\\source\\repos\\github\\microsoft-account-profile-information\\source\\progressive-web-app\\Source\\Components\\Flag\\flag.component.ts": {"path":"C:\\Users\\MohammadTalhaNomani\\source\\repos\\github\\microsoft-account-profile-information\\source\\progressive-web-app\\Source\\Components\\Flag\\flag.component.ts","statementMap":{"0":{"start":{"line":24,"column":7},"end":{"line":73,"column":null}},"1":{"start":{"line":25,"column":19},"end":{"line":25,"column":null}},"2":{"start":{"line":26,"column":19},"end":{"line":26,"column":null}},"3":{"start":{"line":27,"column":19},"end":{"line":27,"column":null}},"4":{"start":{"line":28,"column":19},"end":{"line":28,"column":null}},"5":{"start":{"line":29,"column":48},"end":{"line":29,"column":null}},"6":{"start":{"line":31,"column":11},"end":{"line":31,"column":null}},"7":{"start":{"line":32,"column":2},"end":{"line":32,"column":null}},"8":{"start":{"line":35,"column":4},"end":{"line":42,"column":null}},"9":{"start":{"line":36,"column":6},"end":{"line":36,"column":null}},"10":{"start":{"line":37,"column":6},"end":{"line":40,"column":null}},"11":{"start":{"line":41,"column":6},"end":{"line":41,"column":null}},"12":{"start":{"line":46,"column":4},"end":{"line":46,"column":null}},"13":{"start":{"line":47,"column":4},"end":{"line":51,"column":null}},"14":{"start":{"line":48,"column":6},"end":{"line":50,"column":null}},"15":{"start":{"line":49,"column":8},"end":{"line":49,"column":null}},"16":{"start":{"line":55,"column":4},"end":{"line":57,"column":null}},"17":{"start":{"line":56,"column":6},"end":{"line":56,"column":null}},"18":{"start":{"line":61,"column":4},"end":{"line":61,"column":null}},"19":{"start":{"line":65,"column":4},"end":{"line":71,"column":null}},"20":{"start":{"line":66,"column":6},"end":{"line":70,"column":null}},"21":{"start":{"line":67,"column":8},"end":{"line":69,"column":null}},"22":{"start":{"line":24,"column":13},"end":{"line":24,"column":56}}},"fnMap":{"0":{"name":"(anonymous_0)","decl":{"start":{"line":34,"column":2},"end":{"line":34,"column":16}},"loc":{"start":{"line":34,"column":16},"end":{"line":43,"column":null}},"line":34},"1":{"name":"(anonymous_1)","decl":{"start":{"line":35,"column":11},"end":{"line":35,"column":17}},"loc":{"start":{"line":35,"column":17},"end":{"line":42,"column":5}},"line":35},"2":{"name":"(anonymous_2)","decl":{"start":{"line":45,"column":9},"end":{"line":45,"column":26}},"loc":{"start":{"line":45,"column":26},"end":{"line":52,"column":null}},"line":45},"3":{"name":"(anonymous_3)","decl":{"start":{"line":47,"column":33},"end":{"line":47,"column":34}},"loc":{"start":{"line":47,"column":51},"end":{"line":51,"column":5}},"line":47},"4":{"name":"(anonymous_4)","decl":{"start":{"line":54,"column":9},"end":{"line":54,"column":29}},"loc":{"start":{"line":54,"column":29},"end":{"line":58,"column":null}},"line":54},"5":{"name":"(anonymous_5)","decl":{"start":{"line":60,"column":9},"end":{"line":60,"column":18}},"loc":{"start":{"line":60,"column":42},"end":{"line":62,"column":null}},"line":60},"6":{"name":"(anonymous_6)","decl":{"start":{"line":64,"column":9},"end":{"line":64,"column":32}},"loc":{"start":{"line":64,"column":32},"end":{"line":72,"column":null}},"line":64},"7":{"name":"(anonymous_7)","decl":{"start":{"line":66,"column":34},"end":{"line":66,"column":35}},"loc":{"start":{"line":66,"column":53},"end":{"line":70,"column":7}},"line":66}},"branchMap":{"0":{"loc":{"start":{"line":48,"column":6},"end":{"line":50,"column":null}},"type":"if","locations":[{"start":{"line":48,"column":6},"end":{"line":50,"column":null}},{"start":{},"end":{}}],"line":48},"1":{"loc":{"start":{"line":55,"column":4},"end":{"line":57,"column":null}},"type":"if","locations":[{"start":{"line":55,"column":4},"end":{"line":57,"column":null}},{"start":{},"end":{}}],"line":55},"2":{"loc":{"start":{"line":65,"column":4},"end":{"line":71,"column":null}},"type":"if","locations":[{"start":{"line":65,"column":4},"end":{"line":71,"column":null}},{"start":{},"end":{}}],"line":65},"3":{"loc":{"start":{"line":67,"column":15},"end":{"line":69,"column":null}},"type":"cond-expr","locations":[{"start":{"line":68,"column":12},"end":{"line":68,"column":null}},{"start":{"line":69,"column":12},"end":{"line":69,"column":null}}],"line":67}},"s":{"0":0,"1":0,"2":0,"3":0,"4":0,"5":0,"6":0,"7":0,"8":0,"9":0,"10":0,"11":0,"12":0,"13":0,"14":0,"15":0,"16":0,"17":0,"18":0,"19":0,"20":0,"21":0,"22":0},"f":{"0":0,"1":0,"2":0,"3":0,"4":0,"5":0,"6":0,"7":0},"b":{"0":[0,0],"1":[0,0],"2":[0,0],"3":[0,0]},"meta":{"lastBranch":4,"lastFunction":8,"lastStatement":23,"seen":{"s:24:7:73:Infinity":0,"s:25:19:25:Infinity":1,"s:26:19:26:Infinity":2,"s:27:19:27:Infinity":3,"s:28:19:28:Infinity":4,"s:29:48:29:Infinity":5,"s:31:11:31:Infinity":6,"s:32:2:32:Infinity":7,"f:34:2:34:16":0,"s:35:4:42:Infinity":8,"f:35:11:35:17":1,"s:36:6:36:Infinity":9,"s:37:6:40:Infinity":10,"s:41:6:41:Infinity":11,"f:45:9:45:26":2,"s:46:4:46:Infinity":12,"s:47:4:51:Infinity":13,"f:47:33:47:34":3,"b:48:6:50:Infinity:undefined:undefined:undefined:undefined":0,"s:48:6:50:Infinity":14,"s:49:8:49:Infinity":15,"f:54:9:54:29":4,"b:55:4:57:Infinity:undefined:undefined:undefined:undefined":1,"s:55:4:57:Infinity":16,"s:56:6:56:Infinity":17,"f:60:9:60:18":5,"s:61:4:61:Infinity":18,"f:64:9:64:32":6,"b:65:4:71:Infinity:undefined:undefined:undefined:undefined":2,"s:65:4:71:Infinity":19,"s:66:6:70:Infinity":20,"f:66:34:66:35":7,"s:67:8:69:Infinity":21,"b:68:12:68:Infinity:69:12:69:Infinity":3,"s:24:13:24:56":22}}}
,"C:\\Users\\MohammadTalhaNomani\\source\\repos\\github\\microsoft-account-profile-information\\source\\progressive-web-app\\Source\\Components\\Login\\login.component.ts": {"path":"C:\\Users\\MohammadTalhaNomani\\source\\repos\\github\\microsoft-account-profile-information\\source\\progressive-web-app\\Source\\Components\\Login\\login.component.ts","statementMap":{"0":{"start":{"line":16,"column":7},"end":{"line":48,"column":null}},"1":{"start":{"line":17,"column":19},"end":{"line":17,"column":null}},"2":{"start":{"line":18,"column":19},"end":{"line":18,"column":null}},"3":{"start":{"line":19,"column":19},"end":{"line":19,"column":null}},"4":{"start":{"line":21,"column":2},"end":{"line":21,"column":null}},"5":{"start":{"line":22,"column":2},"end":{"line":22,"column":null}},"6":{"start":{"line":25,"column":4},"end":{"line":25,"column":null}},"7":{"start":{"line":27,"column":4},"end":{"line":41,"column":null}},"8":{"start":{"line":28,"column":6},"end":{"line":32,"column":null}},"9":{"start":{"line":30,"column":10},"end":{"line":30,"column":null}},"10":{"start":{"line":33,"column":6},"end":{"line":40,"column":null}},"11":{"start":{"line":34,"column":8},"end":{"line":39,"column":null}},"12":{"start":{"line":38,"column":10},"end":{"line":38,"column":null}},"13":{"start":{"line":45,"column":4},"end":{"line":45,"column":null}},"14":{"start":{"line":46,"column":4},"end":{"line":46,"column":null}},"15":{"start":{"line":16,"column":13},"end":{"line":16,"column":46}}},"fnMap":{"0":{"name":"(anonymous_0)","decl":{"start":{"line":24,"column":2},"end":{"line":24,"column":13}},"loc":{"start":{"line":24,"column":13},"end":{"line":42,"column":null}},"line":24},"1":{"name":"(anonymous_1)","decl":{"start":{"line":29,"column":12},"end":{"line":29,"column":21}},"loc":{"start":{"line":29,"column":21},"end":{"line":31,"column":9}},"line":29},"2":{"name":"(anonymous_2)","decl":{"start":{"line":33,"column":38},"end":{"line":33,"column":47}},"loc":{"start":{"line":33,"column":47},"end":{"line":40,"column":7}},"line":33},"3":{"name":"(anonymous_3)","decl":{"start":{"line":44,"column":2},"end":{"line":44,"column":16}},"loc":{"start":{"line":44,"column":16},"end":{"line":47,"column":null}},"line":44}},"branchMap":{"0":{"loc":{"start":{"line":27,"column":4},"end":{"line":41,"column":null}},"type":"if","locations":[{"start":{"line":27,"column":4},"end":{"line":41,"column":null}},{"start":{},"end":{}}],"line":27},"1":{"loc":{"start":{"line":34,"column":8},"end":{"line":39,"column":null}},"type":"if","locations":[{"start":{"line":34,"column":8},"end":{"line":39,"column":null}},{"start":{},"end":{}}],"line":34}},"s":{"0":0,"1":0,"2":0,"3":0,"4":0,"5":0,"6":0,"7":0,"8":0,"9":0,"10":0,"11":0,"12":0,"13":0,"14":0,"15":0},"f":{"0":0,"1":0,"2":0,"3":0},"b":{"0":[0,0],"1":[0,0]},"meta":{"lastBranch":2,"lastFunction":4,"lastStatement":16,"seen":{"s:16:7:48:Infinity":0,"s:17:19:17:Infinity":1,"s:18:19:18:Infinity":2,"s:19:19:19:Infinity":3,"s:21:2:21:Infinity":4,"s:22:2:22:Infinity":5,"f:24:2:24:13":0,"s:25:4:25:Infinity":6,"b:27:4:41:Infinity:undefined:undefined:undefined:undefined":0,"s:27:4:41:Infinity":7,"s:28:6:32:Infinity":8,"f:29:12:29:21":1,"s:30:10:30:Infinity":9,"s:33:6:40:Infinity":10,"f:33:38:33:47":2,"b:34:8:39:Infinity:undefined:undefined:undefined:undefined":1,"s:34:8:39:Infinity":11,"s:38:10:38:Infinity":12,"f:44:2:44:16":3,"s:45:4:45:Infinity":13,"s:46:4:46:Infinity":14,"s:16:13:16:46":15}}}
,"C:\\Users\\MohammadTalhaNomani\\source\\repos\\github\\microsoft-account-profile-information\\source\\progressive-web-app\\Source\\Components\\Logout\\logout.component.ts": {"path":"C:\\Users\\MohammadTalhaNomani\\source\\repos\\github\\microsoft-account-profile-information\\source\\progressive-web-app\\Source\\Components\\Logout\\logout.component.ts","statementMap":{"0":{"start":{"line":14,"column":7},"end":{"line":30,"column":null}},"1":{"start":{"line":15,"column":19},"end":{"line":15,"column":null}},"2":{"start":{"line":16,"column":19},"end":{"line":16,"column":null}},"3":{"start":{"line":17,"column":19},"end":{"line":17,"column":null}},"4":{"start":{"line":19,"column":23},"end":{"line":19,"column":null}},"5":{"start":{"line":22,"column":4},"end":{"line":22,"column":null}},"6":{"start":{"line":26,"column":4},"end":{"line":26,"column":null}},"7":{"start":{"line":27,"column":4},"end":{"line":27,"column":null}},"8":{"start":{"line":28,"column":4},"end":{"line":28,"column":null}},"9":{"start":{"line":14,"column":13},"end":{"line":14,"column":47}}},"fnMap":{"0":{"name":"(anonymous_0)","decl":{"start":{"line":21,"column":2},"end":{"line":21,"column":13}},"loc":{"start":{"line":21,"column":13},"end":{"line":23,"column":null}},"line":21},"1":{"name":"(anonymous_1)","decl":{"start":{"line":25,"column":2},"end":{"line":25,"column":17}},"loc":{"start":{"line":25,"column":17},"end":{"line":29,"column":null}},"line":25}},"branchMap":{},"s":{"0":0,"1":0,"2":0,"3":0,"4":0,"5":0,"6":0,"7":0,"8":0,"9":0},"f":{"0":0,"1":0},"b":{},"meta":{"lastBranch":0,"lastFunction":2,"lastStatement":10,"seen":{"s:14:7:30:Infinity":0,"s:15:19:15:Infinity":1,"s:16:19:16:Infinity":2,"s:17:19:17:Infinity":3,"s:19:23:19:Infinity":4,"f:21:2:21:13":0,"s:22:4:22:Infinity":5,"f:25:2:25:17":1,"s:26:4:26:Infinity":6,"s:27:4:27:Infinity":7,"s:28:4:28:Infinity":8,"s:14:13:14:47":9}}}
,"C:\\Users\\MohammadTalhaNomani\\source\\repos\\github\\microsoft-account-profile-information\\source\\progressive-web-app\\Source\\Components\\Main\\main.component.ts": {"path":"C:\\Users\\MohammadTalhaNomani\\source\\repos\\github\\microsoft-account-profile-information\\source\\progressive-web-app\\Source\\Components\\Main\\main.component.ts","statementMap":{"0":{"start":{"line":31,"column":7},"end":{"line":153,"column":null}},"1":{"start":{"line":32,"column":19},"end":{"line":32,"column":null}},"2":{"start":{"line":33,"column":19},"end":{"line":33,"column":null}},"3":{"start":{"line":34,"column":19},"end":{"line":34,"column":null}},"4":{"start":{"line":35,"column":19},"end":{"line":35,"column":null}},"5":{"start":{"line":36,"column":19},"end":{"line":36,"column":null}},"6":{"start":{"line":38,"column":25},"end":{"line":38,"column":null}},"7":{"start":{"line":39,"column":2},"end":{"line":39,"column":null}},"8":{"start":{"line":40,"column":2},"end":{"line":40,"column":null}},"9":{"start":{"line":41,"column":2},"end":{"line":41,"column":null}},"10":{"start":{"line":42,"column":2},"end":{"line":42,"column":null}},"11":{"start":{"line":43,"column":2},"end":{"line":43,"column":null}},"12":{"start":{"line":46,"column":4},"end":{"line":46,"column":null}},"13":{"start":{"line":47,"column":4},"end":{"line":47,"column":null}},"14":{"start":{"line":49,"column":4},"end":{"line":102,"column":null}},"15":{"start":{"line":50,"column":6},"end":{"line":101,"column":null}},"16":{"start":{"line":51,"column":8},"end":{"line":51,"column":null}},"17":{"start":{"line":52,"column":8},"end":{"line":100,"column":null}},"18":{"start":{"line":53,"column":10},"end":{"line":99,"column":null}},"19":{"start":{"line":59,"column":18},"end":{"line":59,"column":null}},"20":{"start":{"line":61,"column":61},"end":{"line":65,"column":16}},"21":{"start":{"line":69,"column":16},"end":{"line":69,"column":null}},"22":{"start":{"line":72,"column":16},"end":{"line":72,"column":null}},"23":{"start":{"line":74,"column":14},"end":{"line":76,"column":null}},"24":{"start":{"line":75,"column":16},"end":{"line":75,"column":null}},"25":{"start":{"line":77,"column":14},"end":{"line":86,"column":null}},"26":{"start":{"line":87,"column":14},"end":{"line":98,"column":null}},"27":{"start":{"line":88,"column":16},"end":{"line":93,"column":null}},"28":{"start":{"line":91,"column":20},"end":{"line":91,"column":null}},"29":{"start":{"line":95,"column":16},"end":{"line":97,"column":null}},"30":{"start":{"line":96,"column":18},"end":{"line":96,"column":null}},"31":{"start":{"line":107,"column":4},"end":{"line":115,"column":null}},"32":{"start":{"line":108,"column":6},"end":{"line":114,"column":null}},"33":{"start":{"line":109,"column":8},"end":{"line":109,"column":null}},"34":{"start":{"line":110,"column":8},"end":{"line":113,"column":null}},"35":{"start":{"line":111,"column":10},"end":{"line":111,"column":null}},"36":{"start":{"line":112,"column":10},"end":{"line":112,"column":null}},"37":{"start":{"line":119,"column":4},"end":{"line":151,"column":null}},"38":{"start":{"line":120,"column":6},"end":{"line":120,"column":null}},"39":{"start":{"line":121,"column":6},"end":{"line":150,"column":null}},"40":{"start":{"line":122,"column":8},"end":{"line":142,"column":null}},"41":{"start":{"line":126,"column":14},"end":{"line":128,"column":null}},"42":{"start":{"line":133,"column":14},"end":{"line":133,"column":null}},"43":{"start":{"line":134,"column":14},"end":{"line":134,"column":null}},"44":{"start":{"line":137,"column":14},"end":{"line":137,"column":null}},"45":{"start":{"line":138,"column":14},"end":{"line":138,"column":null}},"46":{"start":{"line":139,"column":14},"end":{"line":139,"column":null}},"47":{"start":{"line":140,"column":14},"end":{"line":140,"column":null}},"48":{"start":{"line":144,"column":8},"end":{"line":149,"column":null}},"49":{"start":{"line":146,"column":12},"end":{"line":146,"column":null}},"50":{"start":{"line":147,"column":12},"end":{"line":147,"column":null}},"51":{"start":{"line":31,"column":13},"end":{"line":31,"column":45}}},"fnMap":{"0":{"name":"(anonymous_0)","decl":{"start":{"line":45,"column":2},"end":{"line":45,"column":13}},"loc":{"start":{"line":45,"column":13},"end":{"line":116,"column":null}},"line":45},"1":{"name":"(anonymous_1)","decl":{"start":{"line":50,"column":46},"end":{"line":50,"column":47}},"loc":{"start":{"line":50,"column":66},"end":{"line":101,"column":7}},"line":50},"2":{"name":"(anonymous_2)","decl":{"start":{"line":56,"column":16},"end":{"line":56,"column":null}},"loc":{"start":{"line":59,"column":18},"end":{"line":59,"column":null}},"line":59},"3":{"name":"(anonymous_3)","decl":{"start":{"line":61,"column":18},"end":{"line":61,"column":19}},"loc":{"start":{"line":61,"column":61},"end":{"line":65,"column":16}},"line":61},"4":{"name":"(anonymous_4)","decl":{"start":{"line":67,"column":23},"end":{"line":67,"column":38}},"loc":{"start":{"line":67,"column":38},"end":{"line":99,"column":13}},"line":67},"5":{"name":"(anonymous_5)","decl":{"start":{"line":90,"column":18},"end":{"line":90,"column":24}},"loc":{"start":{"line":90,"column":24},"end":{"line":92,"column":null}},"line":90},"6":{"name":"(anonymous_6)","decl":{"start":{"line":107,"column":33},"end":{"line":107,"column":34}},"loc":{"start":{"line":107,"column":51},"end":{"line":115,"column":5}},"line":107},"7":{"name":"(anonymous_7)","decl":{"start":{"line":118,"column":2},"end":{"line":118,"column":30}},"loc":{"start":{"line":118,"column":30},"end":{"line":152,"column":null}},"line":118},"8":{"name":"(anonymous_8)","decl":{"start":{"line":125,"column":22},"end":{"line":125,"column":28}},"loc":{"start":{"line":125,"column":28},"end":{"line":129,"column":13}},"line":125},"9":{"name":"(anonymous_9)","decl":{"start":{"line":132,"column":18},"end":{"line":132,"column":19}},"loc":{"start":{"line":132,"column":38},"end":{"line":135,"column":null}},"line":132},"10":{"name":"(anonymous_10)","decl":{"start":{"line":136,"column":19},"end":{"line":136,"column":28}},"loc":{"start":{"line":136,"column":28},"end":{"line":141,"column":null}},"line":136},"11":{"name":"(anonymous_11)","decl":{"start":{"line":145,"column":16},"end":{"line":145,"column":22}},"loc":{"start":{"line":145,"column":22},"end":{"line":148,"column":null}},"line":145}},"branchMap":{"0":{"loc":{"start":{"line":49,"column":4},"end":{"line":102,"column":null}},"type":"if","locations":[{"start":{"line":49,"column":4},"end":{"line":102,"column":null}},{"start":{},"end":{}}],"line":49},"1":{"loc":{"start":{"line":52,"column":8},"end":{"line":100,"column":null}},"type":"if","locations":[{"start":{"line":52,"column":8},"end":{"line":100,"column":null}},{"start":{},"end":{}}],"line":52},"2":{"loc":{"start":{"line":74,"column":14},"end":{"line":76,"column":null}},"type":"if","locations":[{"start":{"line":74,"column":14},"end":{"line":76,"column":null}},{"start":{},"end":{}}],"line":74},"3":{"loc":{"start":{"line":87,"column":14},"end":{"line":98,"column":null}},"type":"if","locations":[{"start":{"line":87,"column":14},"end":{"line":98,"column":null}},{"start":{"line":94,"column":21},"end":{"line":98,"column":null}}],"line":87},"4":{"loc":{"start":{"line":87,"column":18},"end":{"line":87,"column":75}},"type":"binary-expr","locations":[{"start":{"line":87,"column":18},"end":{"line":87,"column":27}},{"start":{"line":87,"column":27},"end":{"line":87,"column":75}}],"line":87},"5":{"loc":{"start":{"line":95,"column":16},"end":{"line":97,"column":null}},"type":"if","locations":[{"start":{"line":95,"column":16},"end":{"line":97,"column":null}},{"start":{},"end":{}}],"line":95},"6":{"loc":{"start":{"line":108,"column":6},"end":{"line":114,"column":null}},"type":"if","locations":[{"start":{"line":108,"column":6},"end":{"line":114,"column":null}},{"start":{},"end":{}}],"line":108},"7":{"loc":{"start":{"line":110,"column":8},"end":{"line":113,"column":null}},"type":"if","locations":[{"start":{"line":110,"column":8},"end":{"line":113,"column":null}},{"start":{},"end":{}}],"line":110},"8":{"loc":{"start":{"line":110,"column":12},"end":{"line":110,"column":65}},"type":"binary-expr","locations":[{"start":{"line":110,"column":12},"end":{"line":110,"column":32}},{"start":{"line":110,"column":32},"end":{"line":110,"column":65}}],"line":110},"9":{"loc":{"start":{"line":119,"column":4},"end":{"line":151,"column":null}},"type":"if","locations":[{"start":{"line":119,"column":4},"end":{"line":151,"column":null}},{"start":{},"end":{}}],"line":119},"10":{"loc":{"start":{"line":121,"column":6},"end":{"line":150,"column":null}},"type":"if","locations":[{"start":{"line":121,"column":6},"end":{"line":150,"column":null}},{"start":{"line":143,"column":13},"end":{"line":150,"column":null}}],"line":121}},"s":{"0":0,"1":0,"2":0,"3":0,"4":0,"5":0,"6":0,"7":0,"8":0,"9":0,"10":0,"11":0,"12":0,"13":0,"14":0,"15":0,"16":0,"17":0,"18":0,"19":0,"20":0,"21":0,"22":0,"23":0,"24":0,"25":0,"26":0,"27":0,"28":0,"29":0,"30":0,"31":0,"32":0,"33":0,"34":0,"35":0,"36":0,"37":0,"38":0,"39":0,"40":0,"41":0,"42":0,"43":0,"44":0,"45":0,"46":0,"47":0,"48":0,"49":0,"50":0,"51":0},"f":{"0":0,"1":0,"2":0,"3":0,"4":0,"5":0,"6":0,"7":0,"8":0,"9":0,"10":0,"11":0},"b":{"0":[0,0],"1":[0,0],"2":[0,0],"3":[0,0],"4":[0,0],"5":[0,0],"6":[0,0],"7":[0,0],"8":[0,0],"9":[0,0],"10":[0,0]},"meta":{"lastBranch":11,"lastFunction":12,"lastStatement":52,"seen":{"s:31:7:153:Infinity":0,"s:32:19:32:Infinity":1,"s:33:19:33:Infinity":2,"s:34:19:34:Infinity":3,"s:35:19:35:Infinity":4,"s:36:19:36:Infinity":5,"s:38:25:38:Infinity":6,"s:39:2:39:Infinity":7,"s:40:2:40:Infinity":8,"s:41:2:41:Infinity":9,"s:42:2:42:Infinity":10,"s:43:2:43:Infinity":11,"f:45:2:45:13":0,"s:46:4:46:Infinity":12,"s:47:4:47:Infinity":13,"b:49:4:102:Infinity:undefined:undefined:undefined:undefined":0,"s:49:4:102:Infinity":14,"s:50:6:101:Infinity":15,"f:50:46:50:47":1,"s:51:8:51:Infinity":16,"b:52:8:100:Infinity:undefined:undefined:undefined:undefined":1,"s:52:8:100:Infinity":17,"s:53:10:99:Infinity":18,"f:56:16:56:Infinity":2,"s:59:18:59:Infinity":19,"f:61:18:61:19":3,"s:61:61:65:16":20,"f:67:23:67:38":4,"s:69:16:69:Infinity":21,"s:72:16:72:Infinity":22,"b:74:14:76:Infinity:undefined:undefined:undefined:undefined":2,"s:74:14:76:Infinity":23,"s:75:16:75:Infinity":24,"s:77:14:86:Infinity":25,"b:87:14:98:Infinity:94:21:98:Infinity":3,"s:87:14:98:Infinity":26,"b:87:18:87:27:87:27:87:75":4,"s:88:16:93:Infinity":27,"f:90:18:90:24":5,"s:91:20:91:Infinity":28,"b:95:16:97:Infinity:undefined:undefined:undefined:undefined":5,"s:95:16:97:Infinity":29,"s:96:18:96:Infinity":30,"s:107:4:115:Infinity":31,"f:107:33:107:34":6,"b:108:6:114:Infinity:undefined:undefined:undefined:undefined":6,"s:108:6:114:Infinity":32,"s:109:8:109:Infinity":33,"b:110:8:113:Infinity:undefined:undefined:undefined:undefined":7,"s:110:8:113:Infinity":34,"b:110:12:110:32:110:32:110:65":8,"s:111:10:111:Infinity":35,"s:112:10:112:Infinity":36,"f:118:2:118:30":7,"b:119:4:151:Infinity:undefined:undefined:undefined:undefined":9,"s:119:4:151:Infinity":37,"s:120:6:120:Infinity":38,"b:121:6:150:Infinity:143:13:150:Infinity":10,"s:121:6:150:Infinity":39,"s:122:8:142:Infinity":40,"f:125:22:125:28":8,"s:126:14:128:Infinity":41,"f:132:18:132:19":9,"s:133:14:133:Infinity":42,"s:134:14:134:Infinity":43,"f:136:19:136:28":10,"s:137:14:137:Infinity":44,"s:138:14:138:Infinity":45,"s:139:14:139:Infinity":46,"s:140:14:140:Infinity":47,"s:144:8:149:Infinity":48,"f:145:16:145:22":11,"s:146:12:146:Infinity":49,"s:147:12:147:Infinity":50,"s:31:13:31:45":51}}}
,"C:\\Users\\MohammadTalhaNomani\\source\\repos\\github\\microsoft-account-profile-information\\source\\progressive-web-app\\Source\\Components\\Navigation\\navigation.component.ts": {"path":"C:\\Users\\MohammadTalhaNomani\\source\\repos\\github\\microsoft-account-profile-information\\source\\progressive-web-app\\Source\\Components\\Navigation\\navigation.component.ts","statementMap":{"0":{"start":{"line":17,"column":7},"end":{"line":45,"column":null}},"1":{"start":{"line":18,"column":19},"end":{"line":18,"column":null}},"2":{"start":{"line":19,"column":19},"end":{"line":19,"column":null}},"3":{"start":{"line":21,"column":50},"end":{"line":21,"column":null}},"4":{"start":{"line":25,"column":4},"end":{"line":33,"column":null}},"5":{"start":{"line":26,"column":6},"end":{"line":32,"column":null}},"6":{"start":{"line":27,"column":8},"end":{"line":31,"column":null}},"7":{"start":{"line":29,"column":12},"end":{"line":29,"column":null}},"8":{"start":{"line":35,"column":4},"end":{"line":37,"column":null}},"9":{"start":{"line":38,"column":4},"end":{"line":40,"column":null}},"10":{"start":{"line":41,"column":4},"end":{"line":43,"column":null}},"11":{"start":{"line":17,"column":13},"end":{"line":17,"column":51}}},"fnMap":{"0":{"name":"(anonymous_0)","decl":{"start":{"line":24,"column":2},"end":{"line":24,"column":13}},"loc":{"start":{"line":24,"column":13},"end":{"line":44,"column":null}},"line":24},"1":{"name":"(anonymous_1)","decl":{"start":{"line":25,"column":33},"end":{"line":25,"column":34}},"loc":{"start":{"line":25,"column":51},"end":{"line":33,"column":5}},"line":25},"2":{"name":"(anonymous_2)","decl":{"start":{"line":28,"column":14},"end":{"line":28,"column":23}},"loc":{"start":{"line":28,"column":23},"end":{"line":30,"column":11}},"line":28}},"branchMap":{"0":{"loc":{"start":{"line":26,"column":6},"end":{"line":32,"column":null}},"type":"if","locations":[{"start":{"line":26,"column":6},"end":{"line":32,"column":null}},{"start":{},"end":{}}],"line":26},"1":{"loc":{"start":{"line":29,"column":19},"end":{"line":29,"column":null}},"type":"cond-expr","locations":[{"start":{"line":29,"column":41},"end":{"line":29,"column":49}},{"start":{"line":29,"column":49},"end":{"line":29,"column":null}}],"line":29}},"s":{"0":0,"1":0,"2":0,"3":0,"4":0,"5":0,"6":0,"7":0,"8":0,"9":0,"10":0,"11":0},"f":{"0":0,"1":0,"2":0},"b":{"0":[0,0],"1":[0,0]},"meta":{"lastBranch":2,"lastFunction":3,"lastStatement":12,"seen":{"s:17:7:45:Infinity":0,"s:18:19:18:Infinity":1,"s:19:19:19:Infinity":2,"s:21:50:21:Infinity":3,"f:24:2:24:13":0,"s:25:4:33:Infinity":4,"f:25:33:25:34":1,"b:26:6:32:Infinity:undefined:undefined:undefined:undefined":0,"s:26:6:32:Infinity":5,"s:27:8:31:Infinity":6,"f:28:14:28:23":2,"s:29:12:29:Infinity":7,"b:29:41:29:49:29:49:29:Infinity":1,"s:35:4:37:Infinity":8,"s:38:4:40:Infinity":9,"s:41:4:43:Infinity":10,"s:17:13:17:51":11}}}
,"C:\\Users\\MohammadTalhaNomani\\source\\repos\\github\\microsoft-account-profile-information\\source\\progressive-web-app\\Source\\Components\\Profile\\profile.component.ts": {"path":"C:\\Users\\MohammadTalhaNomani\\source\\repos\\github\\microsoft-account-profile-information\\source\\progressive-web-app\\Source\\Components\\Profile\\profile.component.ts","statementMap":{"0":{"start":{"line":15,"column":7},"end":{"line":31,"column":null}},"1":{"start":{"line":16,"column":19},"end":{"line":16,"column":null}},"2":{"start":{"line":17,"column":19},"end":{"line":17,"column":null}},"3":{"start":{"line":19,"column":2},"end":{"line":21,"column":null}},"4":{"start":{"line":23,"column":2},"end":{"line":26,"column":null}},"5":{"start":{"line":20,"column":44},"end":{"line":20,"column":54}},"6":{"start":{"line":24,"column":44},"end":{"line":24,"column":59}},"7":{"start":{"line":29,"column":4},"end":{"line":29,"column":null}},"8":{"start":{"line":15,"column":13},"end":{"line":15,"column":48}}},"fnMap":{"0":{"name":"(anonymous_0)","decl":{"start":{"line":20,"column":35},"end":{"line":20,"column":44}},"loc":{"start":{"line":20,"column":44},"end":{"line":20,"column":54}},"line":20},"1":{"name":"(anonymous_1)","decl":{"start":{"line":24,"column":35},"end":{"line":24,"column":44}},"loc":{"start":{"line":24,"column":44},"end":{"line":24,"column":59}},"line":24},"2":{"name":"(anonymous_2)","decl":{"start":{"line":28,"column":2},"end":{"line":28,"column":13}},"loc":{"start":{"line":28,"column":13},"end":{"line":30,"column":null}},"line":28}},"branchMap":{},"s":{"0":0,"1":0,"2":0,"3":0,"4":0,"5":0,"6":0,"7":0,"8":0},"f":{"0":0,"1":0,"2":0},"b":{},"meta":{"lastBranch":0,"lastFunction":3,"lastStatement":9,"seen":{"s:15:7:31:Infinity":0,"s:16:19:16:Infinity":1,"s:17:19:17:Infinity":2,"s:19:2:21:Infinity":3,"s:23:2:26:Infinity":4,"f:20:35:20:44":0,"s:20:44:20:54":5,"f:24:35:24:44":1,"s:24:44:24:59":6,"f:28:2:28:13":2,"s:29:4:29:Infinity":7,"s:15:13:15:48":8}}}
,"C:\\Users\\MohammadTalhaNomani\\source\\repos\\github\\microsoft-account-profile-information\\source\\progressive-web-app\\Source\\Components\\Status\\status.component.ts": {"path":"C:\\Users\\MohammadTalhaNomani\\source\\repos\\github\\microsoft-account-profile-information\\source\\progressive-web-app\\Source\\Components\\Status\\status.component.ts","statementMap":{"0":{"start":{"line":22,"column":7},"end":{"line":87,"column":null}},"1":{"start":{"line":23,"column":19},"end":{"line":23,"column":null}},"2":{"start":{"line":24,"column":19},"end":{"line":24,"column":null}},"3":{"start":{"line":26,"column":60},"end":{"line":26,"column":null}},"4":{"start":{"line":28,"column":2},"end":{"line":28,"column":null}},"5":{"start":{"line":29,"column":2},"end":{"line":29,"column":null}},"6":{"start":{"line":30,"column":2},"end":{"line":30,"column":null}},"7":{"start":{"line":33,"column":4},"end":{"line":39,"column":null}},"8":{"start":{"line":34,"column":6},"end":{"line":38,"column":null}},"9":{"start":{"line":35,"column":8},"end":{"line":35,"column":null}},"10":{"start":{"line":37,"column":8},"end":{"line":37,"column":null}},"11":{"start":{"line":43,"column":4},"end":{"line":43,"column":null}},"12":{"start":{"line":47,"column":4},"end":{"line":47,"column":null}},"13":{"start":{"line":51,"column":4},"end":{"line":51,"column":null}},"14":{"start":{"line":53,"column":42},"end":{"line":60,"column":null}},"15":{"start":{"line":55,"column":8},"end":{"line":55,"column":null}},"16":{"start":{"line":58,"column":8},"end":{"line":58,"column":null}},"17":{"start":{"line":62,"column":4},"end":{"line":62,"column":null}},"18":{"start":{"line":63,"column":4},"end":{"line":69,"column":null}},"19":{"start":{"line":65,"column":8},"end":{"line":67,"column":null}},"20":{"start":{"line":66,"column":10},"end":{"line":66,"column":null}},"21":{"start":{"line":68,"column":8},"end":{"line":68,"column":null}},"22":{"start":{"line":71,"column":4},"end":{"line":71,"column":null}},"23":{"start":{"line":72,"column":4},"end":{"line":77,"column":null}},"24":{"start":{"line":74,"column":8},"end":{"line":76,"column":null}},"25":{"start":{"line":75,"column":10},"end":{"line":75,"column":null}},"26":{"start":{"line":81,"column":4},"end":{"line":85,"column":null}},"27":{"start":{"line":82,"column":6},"end":{"line":82,"column":null}},"28":{"start":{"line":83,"column":6},"end":{"line":83,"column":null}},"29":{"start":{"line":84,"column":6},"end":{"line":84,"column":null}},"30":{"start":{"line":22,"column":13},"end":{"line":22,"column":58}}},"fnMap":{"0":{"name":"(anonymous_0)","decl":{"start":{"line":32,"column":2},"end":{"line":32,"column":16}},"loc":{"start":{"line":32,"column":16},"end":{"line":40,"column":null}},"line":32},"1":{"name":"(anonymous_1)","decl":{"start":{"line":33,"column":11},"end":{"line":33,"column":17}},"loc":{"start":{"line":33,"column":17},"end":{"line":39,"column":5}},"line":33},"2":{"name":"(anonymous_2)","decl":{"start":{"line":42,"column":2},"end":{"line":42,"column":19}},"loc":{"start":{"line":42,"column":19},"end":{"line":44,"column":null}},"line":42},"3":{"name":"(anonymous_3)","decl":{"start":{"line":46,"column":2},"end":{"line":46,"column":22}},"loc":{"start":{"line":46,"column":22},"end":{"line":48,"column":null}},"line":46},"4":{"name":"(anonymous_4)","decl":{"start":{"line":50,"column":10},"end":{"line":50,"column":33}},"loc":{"start":{"line":50,"column":33},"end":{"line":78,"column":null}},"line":50},"5":{"name":"(anonymous_5)","decl":{"start":{"line":54,"column":12},"end":{"line":54,"column":13}},"loc":{"start":{"line":54,"column":31},"end":{"line":56,"column":null}},"line":54},"6":{"name":"(anonymous_6)","decl":{"start":{"line":57,"column":13},"end":{"line":57,"column":19}},"loc":{"start":{"line":57,"column":19},"end":{"line":59,"column":null}},"line":57},"7":{"name":"(anonymous_7)","decl":{"start":{"line":64,"column":46},"end":{"line":64,"column":47}},"loc":{"start":{"line":64,"column":65},"end":{"line":69,"column":7}},"line":64},"8":{"name":"(anonymous_8)","decl":{"start":{"line":73,"column":46},"end":{"line":73,"column":47}},"loc":{"start":{"line":73,"column":65},"end":{"line":77,"column":7}},"line":73},"9":{"name":"(anonymous_9)","decl":{"start":{"line":80,"column":10},"end":{"line":80,"column":32}},"loc":{"start":{"line":80,"column":32},"end":{"line":86,"column":null}},"line":80}},"branchMap":{"0":{"loc":{"start":{"line":34,"column":6},"end":{"line":38,"column":null}},"type":"if","locations":[{"start":{"line":34,"column":6},"end":{"line":38,"column":null}},{"start":{"line":36,"column":13},"end":{"line":38,"column":null}}],"line":34},"1":{"loc":{"start":{"line":65,"column":8},"end":{"line":67,"column":null}},"type":"if","locations":[{"start":{"line":65,"column":8},"end":{"line":67,"column":null}},{"start":{},"end":{}}],"line":65},"2":{"loc":{"start":{"line":74,"column":8},"end":{"line":76,"column":null}},"type":"if","locations":[{"start":{"line":74,"column":8},"end":{"line":76,"column":null}},{"start":{},"end":{}}],"line":74},"3":{"loc":{"start":{"line":81,"column":4},"end":{"line":85,"column":null}},"type":"if","locations":[{"start":{"line":81,"column":4},"end":{"line":85,"column":null}},{"start":{},"end":{}}],"line":81}},"s":{"0":0,"1":0,"2":0,"3":0,"4":0,"5":0,"6":0,"7":0,"8":0,"9":0,"10":0,"11":0,"12":0,"13":0,"14":0,"15":0,"16":0,"17":0,"18":0,"19":0,"20":0,"21":0,"22":0,"23":0,"24":0,"25":0,"26":0,"27":0,"28":0,"29":0,"30":0},"f":{"0":0,"1":0,"2":0,"3":0,"4":0,"5":0,"6":0,"7":0,"8":0,"9":0},"b":{"0":[0,0],"1":[0,0],"2":[0,0],"3":[0,0]},"meta":{"lastBranch":4,"lastFunction":10,"lastStatement":31,"seen":{"s:22:7:87:Infinity":0,"s:23:19:23:Infinity":1,"s:24:19:24:Infinity":2,"s:26:60:26:Infinity":3,"s:28:2:28:Infinity":4,"s:29:2:29:Infinity":5,"s:30:2:30:Infinity":6,"f:32:2:32:16":0,"s:33:4:39:Infinity":7,"f:33:11:33:17":1,"b:34:6:38:Infinity:36:13:38:Infinity":0,"s:34:6:38:Infinity":8,"s:35:8:35:Infinity":9,"s:37:8:37:Infinity":10,"f:42:2:42:19":2,"s:43:4:43:Infinity":11,"f:46:2:46:22":3,"s:47:4:47:Infinity":12,"f:50:10:50:33":4,"s:51:4:51:Infinity":13,"s:53:42:60:Infinity":14,"f:54:12:54:13":5,"s:55:8:55:Infinity":15,"f:57:13:57:19":6,"s:58:8:58:Infinity":16,"s:62:4:62:Infinity":17,"s:63:4:69:Infinity":18,"f:64:46:64:47":7,"b:65:8:67:Infinity:undefined:undefined:undefined:undefined":1,"s:65:8:67:Infinity":19,"s:66:10:66:Infinity":20,"s:68:8:68:Infinity":21,"s:71:4:71:Infinity":22,"s:72:4:77:Infinity":23,"f:73:46:73:47":8,"b:74:8:76:Infinity:undefined:undefined:undefined:undefined":2,"s:74:8:76:Infinity":24,"s:75:10:75:Infinity":25,"f:80:10:80:32":9,"b:81:4:85:Infinity:undefined:undefined:undefined:undefined":3,"s:81:4:85:Infinity":26,"s:82:6:82:Infinity":27,"s:83:6:83:Infinity":28,"s:84:6:84:Infinity":29,"s:22:13:22:58":30}}}
,"C:\\Users\\MohammadTalhaNomani\\source\\repos\\github\\microsoft-account-profile-information\\source\\progressive-web-app\\Source\\Configurations\\authentication.configuration.ts": {"path":"C:\\Users\\MohammadTalhaNomani\\source\\repos\\github\\microsoft-account-profile-information\\source\\progressive-web-app\\Source\\Configurations\\authentication.configuration.ts","statementMap":{"0":{"start":{"line":3,"column":4},"end":{"line":3,"column":null}},"1":{"start":{"line":5,"column":4},"end":{"line":5,"column":null}},"2":{"start":{"line":6,"column":44},"end":{"line":6,"column":null}}},"fnMap":{},"branchMap":{},"s":{"0":0,"1":0,"2":0},"f":{},"b":{},"meta":{"lastBranch":0,"lastFunction":0,"lastStatement":3,"seen":{"s:3:4:3:Infinity":0,"s:5:4:5:Infinity":1,"s:6:44:6:Infinity":2}}}
,"C:\\Users\\MohammadTalhaNomani\\source\\repos\\github\\microsoft-account-profile-information\\source\\progressive-web-app\\Source\\Configurations\\vapid.configuration.ts": {"path":"C:\\Users\\MohammadTalhaNomani\\source\\repos\\github\\microsoft-account-profile-information\\source\\progressive-web-app\\Source\\Configurations\\vapid.configuration.ts","statementMap":{"0":{"start":{"line":3,"column":45},"end":{"line":3,"column":null}}},"fnMap":{},"branchMap":{},"s":{"0":0},"f":{},"b":{},"meta":{"lastBranch":0,"lastFunction":0,"lastStatement":1,"seen":{"s:3:45:3:Infinity":0}}}
,"C:\\Users\\MohammadTalhaNomani\\source\\repos\\github\\microsoft-account-profile-information\\source\\progressive-web-app\\Source\\Constants\\graph.constant.ts": {"path":"C:\\Users\\MohammadTalhaNomani\\source\\repos\\github\\microsoft-account-profile-information\\source\\progressive-web-app\\Source\\Constants\\graph.constant.ts","statementMap":{"0":{"start":{"line":3,"column":4},"end":{"line":3,"column":null}},"1":{"start":{"line":5,"column":4},"end":{"line":5,"column":null}}},"fnMap":{},"branchMap":{},"s":{"0":0,"1":0},"f":{},"b":{},"meta":{"lastBranch":0,"lastFunction":0,"lastStatement":2,"seen":{"s:3:4:3:Infinity":0,"s:5:4:5:Infinity":1}}}
,"C:\\Users\\MohammadTalhaNomani\\source\\repos\\github\\microsoft-account-profile-information\\source\\progressive-web-app\\Source\\Constants\\token.constant.ts": {"path":"C:\\Users\\MohammadTalhaNomani\\source\\repos\\github\\microsoft-account-profile-information\\source\\progressive-web-app\\Source\\Constants\\token.constant.ts","statementMap":{"0":{"start":{"line":2,"column":41},"end":{"line":2,"column":null}},"1":{"start":{"line":6,"column":6},"end":{"line":10,"column":null}}},"fnMap":{},"branchMap":{},"s":{"0":0,"1":0},"f":{},"b":{},"meta":{"lastBranch":0,"lastFunction":0,"lastStatement":2,"seen":{"s:2:41:2:Infinity":0,"s:6:6:10:Infinity":1}}}
,"C:\\Users\\MohammadTalhaNomani\\source\\repos\\github\\microsoft-account-profile-information\\source\\progressive-web-app\\Source\\Constants\\version.constant.ts": {"path":"C:\\Users\\MohammadTalhaNomani\\source\\repos\\github\\microsoft-account-profile-information\\source\\progressive-web-app\\Source\\Constants\\version.constant.ts","statementMap":{"0":{"start":{"line":2,"column":46},"end":{"line":2,"column":null}},"1":{"start":{"line":3,"column":46},"end":{"line":3,"column":null}}},"fnMap":{},"branchMap":{},"s":{"0":0,"1":0},"f":{},"b":{},"meta":{"lastBranch":0,"lastFunction":0,"lastStatement":2,"seen":{"s:2:46:2:Infinity":0,"s:3:46:3:Infinity":1}}}
,"C:\\Users\\MohammadTalhaNomani\\source\\repos\\github\\microsoft-account-profile-information\\source\\progressive-web-app\\Source\\Guards\\authentication.guard.ts": {"path":"C:\\Users\\MohammadTalhaNomani\\source\\repos\\github\\microsoft-account-profile-information\\source\\progressive-web-app\\Source\\Guards\\authentication.guard.ts","statementMap":{"0":{"start":{"line":15,"column":50},"end":{"line":26,"column":null}},"1":{"start":{"line":19,"column":8},"end":{"line":19,"column":null}},"2":{"start":{"line":20,"column":8},"end":{"line":20,"column":null}},"3":{"start":{"line":21,"column":2},"end":{"line":25,"column":null}},"4":{"start":{"line":23,"column":6},"end":{"line":23,"column":null}}},"fnMap":{"0":{"name":"(anonymous_0)","decl":{"start":{"line":15,"column":50},"end":{"line":15,"column":null}},"loc":{"start":{"line":18,"column":36},"end":{"line":26,"column":null}},"line":18},"1":{"name":"(anonymous_1)","decl":{"start":{"line":22,"column":8},"end":{"line":22,"column":17}},"loc":{"start":{"line":22,"column":17},"end":{"line":24,"column":5}},"line":22}},"branchMap":{"0":{"loc":{"start":{"line":23,"column":13},"end":{"line":23,"column":null}},"type":"binary-expr","locations":[{"start":{"line":23,"column":13},"end":{"line":23,"column":35}},{"start":{"line":23,"column":35},"end":{"line":23,"column":null}}],"line":23}},"s":{"0":0,"1":0,"2":0,"3":0,"4":0},"f":{"0":0,"1":0},"b":{"0":[0,0]},"meta":{"lastBranch":1,"lastFunction":2,"lastStatement":5,"seen":{"s:15:50:26:Infinity":0,"f:15:50:15:Infinity":0,"s:19:8:19:Infinity":1,"s:20:8:20:Infinity":2,"s:21:2:25:Infinity":3,"f:22:8:22:17":1,"s:23:6:23:Infinity":4,"b:23:13:23:35:23:35:23:Infinity":0}}}
,"C:\\Users\\MohammadTalhaNomani\\source\\repos\\github\\microsoft-account-profile-information\\source\\progressive-web-app\\Source\\Guards\\login.guard.ts": {"path":"C:\\Users\\MohammadTalhaNomani\\source\\repos\\github\\microsoft-account-profile-information\\source\\progressive-web-app\\Source\\Guards\\login.guard.ts","statementMap":{"0":{"start":{"line":15,"column":41},"end":{"line":25,"column":null}},"1":{"start":{"line":19,"column":8},"end":{"line":19,"column":null}},"2":{"start":{"line":20,"column":2},"end":{"line":24,"column":null}},"3":{"start":{"line":22,"column":6},"end":{"line":22,"column":null}}},"fnMap":{"0":{"name":"(anonymous_0)","decl":{"start":{"line":15,"column":41},"end":{"line":15,"column":null}},"loc":{"start":{"line":18,"column":36},"end":{"line":25,"column":null}},"line":18},"1":{"name":"(anonymous_1)","decl":{"start":{"line":21,"column":8},"end":{"line":21,"column":17}},"loc":{"start":{"line":21,"column":17},"end":{"line":23,"column":5}},"line":21}},"branchMap":{"0":{"loc":{"start":{"line":22,"column":13},"end":{"line":22,"column":null}},"type":"binary-expr","locations":[{"start":{"line":22,"column":13},"end":{"line":22,"column":38}},{"start":{"line":22,"column":38},"end":{"line":22,"column":null}}],"line":22}},"s":{"0":0,"1":0,"2":0,"3":0},"f":{"0":0,"1":0},"b":{"0":[0,0]},"meta":{"lastBranch":1,"lastFunction":2,"lastStatement":4,"seen":{"s:15:41:25:Infinity":0,"f:15:41:15:Infinity":0,"s:19:8:19:Infinity":1,"s:20:2:24:Infinity":2,"f:21:8:21:17":1,"s:22:6:22:Infinity":3,"b:22:13:22:38:22:38:22:Infinity":0}}}
,"C:\\Users\\MohammadTalhaNomani\\source\\repos\\github\\microsoft-account-profile-information\\source\\progressive-web-app\\Source\\Initialization\\app.initialization.ts": {"path":"C:\\Users\\MohammadTalhaNomani\\source\\repos\\github\\microsoft-account-profile-information\\source\\progressive-web-app\\Source\\Initialization\\app.initialization.ts","statementMap":{"0":{"start":{"line":11,"column":2},"end":{"line":27,"column":null}},"1":{"start":{"line":12,"column":4},"end":{"line":26,"column":null}},"2":{"start":{"line":15,"column":10},"end":{"line":18,"column":null}},"3":{"start":{"line":19,"column":8},"end":{"line":22,"column":null}},"4":{"start":{"line":23,"column":8},"end":{"line":23,"column":null}},"5":{"start":{"line":24,"column":8},"end":{"line":24,"column":null}},"6":{"start":{"line":30,"column":13},"end":{"line":33,"column":null}},"7":{"start":{"line":31,"column":24},"end":{"line":31,"column":null}},"8":{"start":{"line":32,"column":2},"end":{"line":32,"column":null}}},"fnMap":{"0":{"name":"ApplicationInitialization","decl":{"start":{"line":8,"column":16},"end":{"line":8,"column":null}},"loc":{"start":{"line":10,"column":26},"end":{"line":28,"column":null}},"line":10},"1":{"name":"(anonymous_1)","decl":{"start":{"line":11,"column":9},"end":{"line":11,"column":33}},"loc":{"start":{"line":11,"column":33},"end":{"line":27,"column":null}},"line":11},"2":{"name":"(anonymous_2)","decl":{"start":{"line":13,"column":6},"end":{"line":13,"column":7}},"loc":{"start":{"line":13,"column":73},"end":{"line":25,"column":null}},"line":13},"3":{"name":"(anonymous_3)","decl":{"start":{"line":30,"column":71},"end":{"line":30,"column":77}},"loc":{"start":{"line":30,"column":77},"end":{"line":33,"column":1}},"line":30}},"branchMap":{"0":{"loc":{"start":{"line":15,"column":10},"end":{"line":18,"column":null}},"type":"cond-expr","locations":[{"start":{"line":17,"column":14},"end":{"line":17,"column":null}},{"start":{"line":18,"column":14},"end":{"line":18,"column":null}}],"line":15}},"s":{"0":0,"1":0,"2":0,"3":0,"4":0,"5":0,"6":0,"7":0,"8":0},"f":{"0":0,"1":0,"2":0,"3":0},"b":{"0":[0,0]},"meta":{"lastBranch":1,"lastFunction":4,"lastStatement":9,"seen":{"f:8:16:8:Infinity":0,"s:11:2:27:Infinity":0,"f:11:9:11:33":1,"s:12:4:26:Infinity":1,"f:13:6:13:7":2,"s:15:10:18:Infinity":2,"b:17:14:17:Infinity:18:14:18:Infinity":0,"s:19:8:22:Infinity":3,"s:23:8:23:Infinity":4,"s:24:8:24:Infinity":5,"s:30:13:33:Infinity":6,"f:30:71:30:77":3,"s:31:24:31:Infinity":7,"s:32:2:32:Infinity":8}}}
,"C:\\Users\\MohammadTalhaNomani\\source\\repos\\github\\microsoft-account-profile-information\\source\\progressive-web-app\\Source\\Interceptors\\profile.interceptor.ts": {"path":"C:\\Users\\MohammadTalhaNomani\\source\\repos\\github\\microsoft-account-profile-information\\source\\progressive-web-app\\Source\\Interceptors\\profile.interceptor.ts","statementMap":{"0":{"start":{"line":19,"column":53},"end":{"line":89,"column":null}},"1":{"start":{"line":23,"column":8},"end":{"line":23,"column":null}},"2":{"start":{"line":24,"column":8},"end":{"line":24,"column":null}},"3":{"start":{"line":25,"column":8},"end":{"line":25,"column":null}},"4":{"start":{"line":27,"column":21},"end":{"line":31,"column":null}},"5":{"start":{"line":28,"column":4},"end":{"line":28,"column":null}},"6":{"start":{"line":29,"column":4},"end":{"line":29,"column":null}},"7":{"start":{"line":30,"column":4},"end":{"line":30,"column":null}},"8":{"start":{"line":33,"column":2},"end":{"line":88,"column":null}},"9":{"start":{"line":40,"column":34},"end":{"line":40,"column":null}},"10":{"start":{"line":41,"column":6},"end":{"line":56,"column":null}},"11":{"start":{"line":42,"column":8},"end":{"line":53,"column":null}},"12":{"start":{"line":44,"column":12},"end":{"line":44,"column":null}},"13":{"start":{"line":47,"column":12},"end":{"line":47,"column":null}},"14":{"start":{"line":50,"column":12},"end":{"line":50,"column":null}},"15":{"start":{"line":51,"column":12},"end":{"line":51,"column":null}},"16":{"start":{"line":55,"column":8},"end":{"line":55,"column":null}},"17":{"start":{"line":58,"column":6},"end":{"line":86,"column":null}},"18":{"start":{"line":59,"column":8},"end":{"line":59,"column":null}},"19":{"start":{"line":61,"column":8},"end":{"line":85,"column":null}},"20":{"start":{"line":62,"column":22},"end":{"line":64,"column":null}},"21":{"start":{"line":65,"column":10},"end":{"line":65,"column":null}},"22":{"start":{"line":67,"column":10},"end":{"line":84,"column":null}},"23":{"start":{"line":69,"column":14},"end":{"line":69,"column":null}},"24":{"start":{"line":70,"column":14},"end":{"line":79,"column":null}},"25":{"start":{"line":77,"column":18},"end":{"line":77,"column":null}},"26":{"start":{"line":82,"column":14},"end":{"line":82,"column":null}}},"fnMap":{"0":{"name":"(anonymous_0)","decl":{"start":{"line":19,"column":53},"end":{"line":19,"column":null}},"loc":{"start":{"line":22,"column":33},"end":{"line":89,"column":null}},"line":22},"1":{"name":"(anonymous_1)","decl":{"start":{"line":27,"column":21},"end":{"line":27,"column":22}},"loc":{"start":{"line":27,"column":56},"end":{"line":31,"column":null}},"line":27},"2":{"name":"(anonymous_2)","decl":{"start":{"line":39,"column":15},"end":{"line":39,"column":24}},"loc":{"start":{"line":39,"column":24},"end":{"line":87,"column":5}},"line":39},"3":{"name":"(anonymous_3)","decl":{"start":{"line":68,"column":22},"end":{"line":68,"column":23}},"loc":{"start":{"line":68,"column":56},"end":{"line":80,"column":13}},"line":68},"4":{"name":"(anonymous_4)","decl":{"start":{"line":76,"column":27},"end":{"line":76,"column":36}},"loc":{"start":{"line":76,"column":36},"end":{"line":78,"column":17}},"line":76},"5":{"name":"(anonymous_5)","decl":{"start":{"line":81,"column":23},"end":{"line":81,"column":32}},"loc":{"start":{"line":81,"column":32},"end":{"line":83,"column":13}},"line":81}},"branchMap":{"0":{"loc":{"start":{"line":36,"column":6},"end":{"line":36,"column":null}},"type":"cond-expr","locations":[{"start":{"line":36,"column":32},"end":{"line":36,"column":39}},{"start":{"line":36,"column":39},"end":{"line":36,"column":null}}],"line":36},"1":{"loc":{"start":{"line":41,"column":6},"end":{"line":56,"column":null}},"type":"if","locations":[{"start":{"line":41,"column":6},"end":{"line":56,"column":null}},{"start":{"line":54,"column":13},"end":{"line":56,"column":null}}],"line":41},"2":{"loc":{"start":{"line":42,"column":8},"end":{"line":53,"column":null}},"type":"switch","locations":[{"start":{"line":43,"column":10},"end":{"line":45,"column":null}},{"start":{"line":46,"column":10},"end":{"line":48,"column":null}},{"start":{"line":49,"column":10},"end":{"line":52,"column":null}}],"line":42},"3":{"loc":{"start":{"line":58,"column":6},"end":{"line":86,"column":null}},"type":"if","locations":[{"start":{"line":58,"column":6},"end":{"line":86,"column":null}},{"start":{"line":60,"column":13},"end":{"line":86,"column":null}}],"line":58},"4":{"loc":{"start":{"line":61,"column":8},"end":{"line":85,"column":null}},"type":"if","locations":[{"start":{"line":61,"column":8},"end":{"line":85,"column":null}},{"start":{"line":66,"column":15},"end":{"line":85,"column":null}}],"line":61},"5":{"loc":{"start":{"line":73,"column":18},"end":{"line":73,"column":null}},"type":"cond-expr","locations":[{"start":{"line":73,"column":44},"end":{"line":73,"column":51}},{"start":{"line":73,"column":51},"end":{"line":73,"column":null}}],"line":73}},"s":{"0":0,"1":0,"2":0,"3":0,"4":0,"5":0,"6":0,"7":0,"8":0,"9":0,"10":0,"11":0,"12":0,"13":0,"14":0,"15":0,"16":0,"17":0,"18":0,"19":0,"20":0,"21":0,"22":0,"23":0,"24":0,"25":0,"26":0},"f":{"0":0,"1":0,"2":0,"3":0,"4":0,"5":0},"b":{"0":[0,0],"1":[0,0],"2":[0,0,0],"3":[0,0],"4":[0,0],"5":[0,0]},"meta":{"lastBranch":6,"lastFunction":6,"lastStatement":27,"seen":{"s:19:53:89:Infinity":0,"f:19:53:19:Infinity":0,"s:23:8:23:Infinity":1,"s:24:8:24:Infinity":2,"s:25:8:25:Infinity":3,"s:27:21:31:Infinity":4,"f:27:21:27:22":1,"s:28:4:28:Infinity":5,"s:29:4:29:Infinity":6,"s:30:4:30:Infinity":7,"s:33:2:88:Infinity":8,"b:36:32:36:39:36:39:36:Infinity":0,"f:39:15:39:24":2,"s:40:34:40:Infinity":9,"b:41:6:56:Infinity:54:13:56:Infinity":1,"s:41:6:56:Infinity":10,"b:43:10:45:Infinity:46:10:48:Infinity:49:10:52:Infinity":2,"s:42:8:53:Infinity":11,"s:44:12:44:Infinity":12,"s:47:12:47:Infinity":13,"s:50:12:50:Infinity":14,"s:51:12:51:Infinity":15,"s:55:8:55:Infinity":16,"b:58:6:86:Infinity:60:13:86:Infinity":3,"s:58:6:86:Infinity":17,"s:59:8:59:Infinity":18,"b:61:8:85:Infinity:66:15:85:Infinity":4,"s:61:8:85:Infinity":19,"s:62:22:64:Infinity":20,"s:65:10:65:Infinity":21,"s:67:10:84:Infinity":22,"f:68:22:68:23":3,"s:69:14:69:Infinity":23,"s:70:14:79:Infinity":24,"b:73:44:73:51:73:51:73:Infinity":5,"f:76:27:76:36":4,"s:77:18:77:Infinity":25,"f:81:23:81:32":5,"s:82:14:82:Infinity":26}}}
,"C:\\Users\\MohammadTalhaNomani\\source\\repos\\github\\microsoft-account-profile-information\\source\\progressive-web-app\\Source\\Managers\\browser.manager.ts": {"path":"C:\\Users\\MohammadTalhaNomani\\source\\repos\\github\\microsoft-account-profile-information\\source\\progressive-web-app\\Source\\Managers\\browser.manager.ts","statementMap":{"0":{"start":{"line":3,"column":4},"end":{"line":3,"column":null}},"1":{"start":{"line":7,"column":4},"end":{"line":19,"column":null}},"2":{"start":{"line":16,"column":6},"end":{"line":16,"column":null}},"3":{"start":{"line":18,"column":6},"end":{"line":18,"column":null}}},"fnMap":{"0":{"name":"(anonymous_0)","decl":{"start":{"line":2,"column":9},"end":{"line":2,"column":16}},"loc":{"start":{"line":2,"column":44},"end":{"line":4,"column":null}},"line":2},"1":{"name":"(anonymous_1)","decl":{"start":{"line":6,"column":13},"end":{"line":6,"column":33}},"loc":{"start":{"line":6,"column":33},"end":{"line":20,"column":null}},"line":6}},"branchMap":{"0":{"loc":{"start":{"line":7,"column":4},"end":{"line":19,"column":null}},"type":"if","locations":[{"start":{"line":7,"column":4},"end":{"line":19,"column":null}},{"start":{"line":17,"column":11},"end":{"line":19,"column":null}}],"line":7},"1":{"loc":{"start":{"line":8,"column":6},"end":{"line":14,"column":null}},"type":"binary-expr","locations":[{"start":{"line":8,"column":6},"end":{"line":8,"column":null}},{"start":{"line":9,"column":6},"end":{"line":9,"column":null}},{"start":{"line":10,"column":6},"end":{"line":10,"column":null}},{"start":{"line":11,"column":6},"end":{"line":11,"column":null}},{"start":{"line":12,"column":6},"end":{"line":12,"column":null}},{"start":{"line":13,"column":6},"end":{"line":13,"column":null}},{"start":{"line":14,"column":6},"end":{"line":14,"column":null}}],"line":8}},"s":{"0":0,"1":0,"2":0,"3":0},"f":{"0":0,"1":0},"b":{"0":[0,0],"1":[0,0,0,0,0,0,0]},"meta":{"lastBranch":2,"lastFunction":2,"lastStatement":4,"seen":{"f:2:9:2:16":0,"s:3:4:3:Infinity":0,"f:6:13:6:33":1,"b:7:4:19:Infinity:17:11:19:Infinity":0,"s:7:4:19:Infinity":1,"b:8:6:8:Infinity:9:6:9:Infinity:10:6:10:Infinity:11:6:11:Infinity:12:6:12:Infinity:13:6:13:Infinity:14:6:14:Infinity":1,"s:16:6:16:Infinity":2,"s:18:6:18:Infinity":3}}}
,"C:\\Users\\MohammadTalhaNomani\\source\\repos\\github\\microsoft-account-profile-information\\source\\progressive-web-app\\Source\\Managers\\error.manager.ts": {"path":"C:\\Users\\MohammadTalhaNomani\\source\\repos\\github\\microsoft-account-profile-information\\source\\progressive-web-app\\Source\\Managers\\error.manager.ts","statementMap":{"0":{"start":{"line":10,"column":4},"end":{"line":10,"column":null}},"1":{"start":{"line":13,"column":4},"end":{"line":13,"column":null}},"2":{"start":{"line":14,"column":4},"end":{"line":14,"column":null}},"3":{"start":{"line":15,"column":4},"end":{"line":17,"column":null}},"4":{"start":{"line":16,"column":6},"end":{"line":16,"column":null}}},"fnMap":{"0":{"name":"(anonymous_0)","decl":{"start":{"line":6,"column":16},"end":{"line":6,"column":null}},"loc":{"start":{"line":9,"column":23},"end":{"line":11,"column":null}},"line":9},"1":{"name":"(anonymous_1)","decl":{"start":{"line":12,"column":16},"end":{"line":12,"column":29}},"loc":{"start":{"line":12,"column":77},"end":{"line":18,"column":null}},"line":12},"2":{"name":"(anonymous_2)","decl":{"start":{"line":15,"column":22},"end":{"line":15,"column":28}},"loc":{"start":{"line":15,"column":28},"end":{"line":17,"column":5}},"line":15}},"branchMap":{},"s":{"0":0,"1":0,"2":0,"3":0,"4":0},"f":{"0":0,"1":0,"2":0},"b":{},"meta":{"lastBranch":0,"lastFunction":3,"lastStatement":5,"seen":{"f:6:16:6:Infinity":0,"s:10:4:10:Infinity":0,"f:12:16:12:29":1,"s:13:4:13:Infinity":1,"s:14:4:14:Infinity":2,"s:15:4:17:Infinity":3,"f:15:22:15:28":2,"s:16:6:16:Infinity":4}}}
,"C:\\Users\\MohammadTalhaNomani\\source\\repos\\github\\microsoft-account-profile-information\\source\\progressive-web-app\\Source\\Managers\\insights.manager.ts": {"path":"C:\\Users\\MohammadTalhaNomani\\source\\repos\\github\\microsoft-account-profile-information\\source\\progressive-web-app\\Source\\Managers\\insights.manager.ts","statementMap":{"0":{"start":{"line":8,"column":48},"end":{"line":13,"column":null}},"1":{"start":{"line":16,"column":4},"end":{"line":16,"column":null}},"2":{"start":{"line":17,"column":4},"end":{"line":17,"column":null}},"3":{"start":{"line":21,"column":4},"end":{"line":23,"column":null}},"4":{"start":{"line":24,"column":4},"end":{"line":26,"column":null}},"5":{"start":{"line":27,"column":4},"end":{"line":27,"column":null}},"6":{"start":{"line":31,"column":18},"end":{"line":31,"column":null}},"7":{"start":{"line":32,"column":4},"end":{"line":32,"column":null}},"8":{"start":{"line":34,"column":4},"end":{"line":37,"column":null}},"9":{"start":{"line":38,"column":4},"end":{"line":38,"column":null}},"10":{"start":{"line":42,"column":4},"end":{"line":44,"column":null}},"11":{"start":{"line":45,"column":4},"end":{"line":45,"column":null}},"12":{"start":{"line":49,"column":4},"end":{"line":51,"column":null}},"13":{"start":{"line":50,"column":6},"end":{"line":50,"column":null}}},"fnMap":{"0":{"name":"(anonymous_0)","decl":{"start":{"line":15,"column":9},"end":{"line":15,"column":22}},"loc":{"start":{"line":15,"column":22},"end":{"line":18,"column":null}},"line":15},"1":{"name":"(anonymous_1)","decl":{"start":{"line":20,"column":9},"end":{"line":20,"column":23}},"loc":{"start":{"line":20,"column":44},"end":{"line":28,"column":null}},"line":20},"2":{"name":"(anonymous_2)","decl":{"start":{"line":30,"column":9},"end":{"line":30,"column":24}},"loc":{"start":{"line":30,"column":62},"end":{"line":39,"column":null}},"line":30},"3":{"name":"(anonymous_3)","decl":{"start":{"line":41,"column":9},"end":{"line":41,"column":20}},"loc":{"start":{"line":41,"column":41},"end":{"line":46,"column":null}},"line":41},"4":{"name":"(anonymous_4)","decl":{"start":{"line":48,"column":17},"end":{"line":48,"column":31}},"loc":{"start":{"line":48,"column":31},"end":{"line":52,"column":null}},"line":48}},"branchMap":{"0":{"loc":{"start":{"line":49,"column":4},"end":{"line":51,"column":null}},"type":"if","locations":[{"start":{"line":49,"column":4},"end":{"line":51,"column":null}},{"start":{},"end":{}}],"line":49}},"s":{"0":0,"1":0,"2":0,"3":0,"4":0,"5":0,"6":0,"7":0,"8":0,"9":0,"10":0,"11":0,"12":0,"13":0},"f":{"0":0,"1":0,"2":0,"3":0,"4":0},"b":{"0":[0,0]},"meta":{"lastBranch":1,"lastFunction":5,"lastStatement":14,"seen":{"s:8:48:13:Infinity":0,"f:15:9:15:22":0,"s:16:4:16:Infinity":1,"s:17:4:17:Infinity":2,"f:20:9:20:23":1,"s:21:4:23:Infinity":3,"s:24:4:26:Infinity":4,"s:27:4:27:Infinity":5,"f:30:9:30:24":2,"s:31:18:31:Infinity":6,"s:32:4:32:Infinity":7,"s:34:4:37:Infinity":8,"s:38:4:38:Infinity":9,"f:41:9:41:20":3,"s:42:4:44:Infinity":10,"s:45:4:45:Infinity":11,"f:48:17:48:31":4,"b:49:4:51:Infinity:undefined:undefined:undefined:undefined":0,"s:49:4:51:Infinity":12,"s:50:6:50:Infinity":13}}}
,"C:\\Users\\MohammadTalhaNomani\\source\\repos\\github\\microsoft-account-profile-information\\source\\progressive-web-app\\Source\\Managers\\notification.manager.ts": {"path":"C:\\Users\\MohammadTalhaNomani\\source\\repos\\github\\microsoft-account-profile-information\\source\\progressive-web-app\\Source\\Managers\\notification.manager.ts","statementMap":{"0":{"start":{"line":3,"column":4},"end":{"line":3,"column":null}},"1":{"start":{"line":7,"column":4},"end":{"line":7,"column":null}}},"fnMap":{"0":{"name":"(anonymous_0)","decl":{"start":{"line":2,"column":13},"end":{"line":2,"column":31}},"loc":{"start":{"line":2,"column":31},"end":{"line":4,"column":null}},"line":2},"1":{"name":"(anonymous_1)","decl":{"start":{"line":6,"column":13},"end":{"line":6,"column":29}},"loc":{"start":{"line":6,"column":29},"end":{"line":8,"column":null}},"line":6}},"branchMap":{},"s":{"0":0,"1":0},"f":{"0":0,"1":0},"b":{},"meta":{"lastBranch":0,"lastFunction":2,"lastStatement":2,"seen":{"f:2:13:2:31":0,"s:3:4:3:Infinity":0,"f:6:13:6:29":1,"s:7:4:7:Infinity":1}}}
,"C:\\Users\\MohammadTalhaNomani\\source\\repos\\github\\microsoft-account-profile-information\\source\\progressive-web-app\\Source\\Managers\\request.manager.ts": {"path":"C:\\Users\\MohammadTalhaNomani\\source\\repos\\github\\microsoft-account-profile-information\\source\\progressive-web-app\\Source\\Managers\\request.manager.ts","statementMap":{"0":{"start":{"line":10,"column":4},"end":{"line":14,"column":null}}},"fnMap":{"0":{"name":"(anonymous_0)","decl":{"start":{"line":6,"column":16},"end":{"line":6,"column":null}},"loc":{"start":{"line":9,"column":22},"end":{"line":15,"column":null}},"line":9}},"branchMap":{},"s":{"0":0},"f":{"0":0},"b":{},"meta":{"lastBranch":0,"lastFunction":1,"lastStatement":1,"seen":{"f:6:16:6:Infinity":0,"s:10:4:14:Infinity":0}}}
,"C:\\Users\\MohammadTalhaNomani\\source\\repos\\github\\microsoft-account-profile-information\\source\\progressive-web-app\\Source\\Managers\\storage.manager.ts": {"path":"C:\\Users\\MohammadTalhaNomani\\source\\repos\\github\\microsoft-account-profile-information\\source\\progressive-web-app\\Source\\Managers\\storage.manager.ts","statementMap":{"0":{"start":{"line":3,"column":4},"end":{"line":3,"column":null}},"1":{"start":{"line":7,"column":4},"end":{"line":7,"column":null}},"2":{"start":{"line":11,"column":4},"end":{"line":15,"column":null}},"3":{"start":{"line":12,"column":6},"end":{"line":12,"column":null}},"4":{"start":{"line":14,"column":6},"end":{"line":14,"column":null}}},"fnMap":{"0":{"name":"(anonymous_0)","decl":{"start":{"line":2,"column":9},"end":{"line":2,"column":16}},"loc":{"start":{"line":2,"column":44},"end":{"line":4,"column":null}},"line":2},"1":{"name":"(anonymous_1)","decl":{"start":{"line":6,"column":9},"end":{"line":6,"column":16}},"loc":{"start":{"line":6,"column":35},"end":{"line":8,"column":null}},"line":6},"2":{"name":"(anonymous_2)","decl":{"start":{"line":10,"column":9},"end":{"line":10,"column":16}},"loc":{"start":{"line":10,"column":32},"end":{"line":16,"column":null}},"line":10}},"branchMap":{"0":{"loc":{"start":{"line":11,"column":4},"end":{"line":15,"column":null}},"type":"if","locations":[{"start":{"line":11,"column":4},"end":{"line":15,"column":null}},{"start":{"line":13,"column":11},"end":{"line":15,"column":null}}],"line":11}},"s":{"0":0,"1":0,"2":0,"3":0,"4":0},"f":{"0":0,"1":0,"2":0},"b":{"0":[0,0]},"meta":{"lastBranch":1,"lastFunction":3,"lastStatement":5,"seen":{"f:2:9:2:16":0,"s:3:4:3:Infinity":0,"f:6:9:6:16":1,"s:7:4:7:Infinity":1,"f:10:9:10:16":2,"b:11:4:15:Infinity:13:11:15:Infinity":0,"s:11:4:15:Infinity":2,"s:12:6:12:Infinity":3,"s:14:6:14:Infinity":4}}}
,"C:\\Users\\MohammadTalhaNomani\\source\\repos\\github\\microsoft-account-profile-information\\source\\progressive-web-app\\Source\\Managers\\storage.mock.ts": {"path":"C:\\Users\\MohammadTalhaNomani\\source\\repos\\github\\microsoft-account-profile-information\\source\\progressive-web-app\\Source\\Managers\\storage.mock.ts","statementMap":{"0":{"start":{"line":3,"column":12},"end":{"line":3,"column":null}},"1":{"start":{"line":4,"column":25},"end":{"line":17,"column":null}},"2":{"start":{"line":6,"column":4},"end":{"line":6,"column":null}},"3":{"start":{"line":9,"column":4},"end":{"line":9,"column":null}},"4":{"start":{"line":12,"column":4},"end":{"line":12,"column":null}},"5":{"start":{"line":15,"column":4},"end":{"line":15,"column":null}},"6":{"start":{"line":20,"column":2},"end":{"line":22,"column":null}},"7":{"start":{"line":23,"column":2},"end":{"line":25,"column":null}},"8":{"start":{"line":26,"column":2},"end":{"line":28,"column":null}},"9":{"start":{"line":29,"column":2},"end":{"line":29,"column":null}},"10":{"start":{"line":30,"column":2},"end":{"line":30,"column":null}}},"fnMap":{"0":{"name":"(anonymous_0)","decl":{"start":{"line":5,"column":11},"end":{"line":5,"column":12}},"loc":{"start":{"line":5,"column":36},"end":{"line":7,"column":null}},"line":5},"1":{"name":"(anonymous_1)","decl":{"start":{"line":8,"column":11},"end":{"line":8,"column":12}},"loc":{"start":{"line":8,"column":43},"end":{"line":10,"column":null}},"line":8},"2":{"name":"(anonymous_2)","decl":{"start":{"line":11,"column":14},"end":{"line":11,"column":15}},"loc":{"start":{"line":11,"column":31},"end":{"line":13,"column":null}},"line":11},"3":{"name":"(anonymous_3)","decl":{"start":{"line":14,"column":9},"end":{"line":14,"column":15}},"loc":{"start":{"line":14,"column":15},"end":{"line":16,"column":null}},"line":14},"4":{"name":"setUpMock","decl":{"start":{"line":19,"column":16},"end":{"line":19,"column":34}},"loc":{"start":{"line":19,"column":34},"end":{"line":31,"column":null}},"line":19}},"branchMap":{"0":{"loc":{"start":{"line":6,"column":11},"end":{"line":6,"column":null}},"type":"cond-expr","locations":[{"start":{"line":6,"column":26},"end":{"line":6,"column":39}},{"start":{"line":6,"column":39},"end":{"line":6,"column":null}}],"line":6}},"s":{"0":0,"1":0,"2":0,"3":0,"4":0,"5":0,"6":0,"7":0,"8":0,"9":0,"10":0},"f":{"0":0,"1":0,"2":0,"3":0,"4":0},"b":{"0":[0,0]},"meta":{"lastBranch":1,"lastFunction":5,"lastStatement":11,"seen":{"s:3:12:3:Infinity":0,"s:4:25:17:Infinity":1,"f:5:11:5:12":0,"s:6:4:6:Infinity":2,"b:6:26:6:39:6:39:6:Infinity":0,"f:8:11:8:12":1,"s:9:4:9:Infinity":3,"f:11:14:11:15":2,"s:12:4:12:Infinity":4,"f:14:9:14:15":3,"s:15:4:15:Infinity":5,"f:19:16:19:34":4,"s:20:2:22:Infinity":6,"s:23:2:25:Infinity":7,"s:26:2:28:Infinity":8,"s:29:2:29:Infinity":9,"s:30:2:30:Infinity":10}}}
,"C:\\Users\\MohammadTalhaNomani\\source\\repos\\github\\microsoft-account-profile-information\\source\\progressive-web-app\\Source\\Models\\authentication.model.ts": {"path":"C:\\Users\\MohammadTalhaNomani\\source\\repos\\github\\microsoft-account-profile-information\\source\\progressive-web-app\\Source\\Models\\authentication.model.ts","statementMap":{"0":{"start":{"line":3,"column":11},"end":{"line":3,"column":null}},"1":{"start":{"line":4,"column":11},"end":{"line":4,"column":null}}},"fnMap":{"0":{"name":"(anonymous_0)","decl":{"start":{"line":2,"column":2},"end":{"line":2,"column":null}},"loc":{"start":{"line":5,"column":4},"end":{"line":5,"column":null}},"line":5}},"branchMap":{},"s":{"0":0,"1":0},"f":{"0":0},"b":{},"meta":{"lastBranch":0,"lastFunction":1,"lastStatement":2,"seen":{"f:2:2:2:Infinity":0,"s:3:11:3:Infinity":0,"s:4:11:4:Infinity":1}}}
,"C:\\Users\\MohammadTalhaNomani\\source\\repos\\github\\microsoft-account-profile-information\\source\\progressive-web-app\\Source\\Models\\navigation-link.model.ts": {"path":"C:\\Users\\MohammadTalhaNomani\\source\\repos\\github\\microsoft-account-profile-information\\source\\progressive-web-app\\Source\\Models\\navigation-link.model.ts","statementMap":{"0":{"start":{"line":3,"column":11},"end":{"line":3,"column":null}},"1":{"start":{"line":4,"column":11},"end":{"line":4,"column":null}},"2":{"start":{"line":5,"column":11},"end":{"line":5,"column":null}}},"fnMap":{"0":{"name":"(anonymous_0)","decl":{"start":{"line":2,"column":2},"end":{"line":2,"column":null}},"loc":{"start":{"line":6,"column":4},"end":{"line":6,"column":null}},"line":6}},"branchMap":{},"s":{"0":0,"1":0,"2":0},"f":{"0":0},"b":{},"meta":{"lastBranch":0,"lastFunction":1,"lastStatement":3,"seen":{"f:2:2:2:Infinity":0,"s:3:11:3:Infinity":0,"s:4:11:4:Infinity":1,"s:5:11:5:Infinity":2}}}
,"C:\\Users\\MohammadTalhaNomani\\source\\repos\\github\\microsoft-account-profile-information\\source\\progressive-web-app\\Source\\Models\\profile.model.ts": {"path":"C:\\Users\\MohammadTalhaNomani\\source\\repos\\github\\microsoft-account-profile-information\\source\\progressive-web-app\\Source\\Models\\profile.model.ts","statementMap":{"0":{"start":{"line":3,"column":11},"end":{"line":3,"column":null}},"1":{"start":{"line":4,"column":11},"end":{"line":4,"column":null}},"2":{"start":{"line":5,"column":11},"end":{"line":5,"column":null}},"3":{"start":{"line":6,"column":11},"end":{"line":6,"column":null}}},"fnMap":{"0":{"name":"(anonymous_0)","decl":{"start":{"line":2,"column":2},"end":{"line":2,"column":null}},"loc":{"start":{"line":7,"column":4},"end":{"line":7,"column":null}},"line":7}},"branchMap":{},"s":{"0":0,"1":0,"2":0,"3":0},"f":{"0":0},"b":{},"meta":{"lastBranch":0,"lastFunction":1,"lastStatement":4,"seen":{"f:2:2:2:Infinity":0,"s:3:11:3:Infinity":0,"s:4:11:4:Infinity":1,"s:5:11:5:Infinity":2,"s:6:11:6:Infinity":3}}}
,"C:\\Users\\MohammadTalhaNomani\\source\\repos\\github\\microsoft-account-profile-information\\source\\progressive-web-app\\Source\\Models\\signalr-connection.model.ts": {"path":"C:\\Users\\MohammadTalhaNomani\\source\\repos\\github\\microsoft-account-profile-information\\source\\progressive-web-app\\Source\\Models\\signalr-connection.model.ts","statementMap":{"0":{"start":{"line":3,"column":11},"end":{"line":3,"column":null}},"1":{"start":{"line":4,"column":11},"end":{"line":4,"column":null}}},"fnMap":{"0":{"name":"(anonymous_0)","decl":{"start":{"line":2,"column":2},"end":{"line":2,"column":null}},"loc":{"start":{"line":5,"column":4},"end":{"line":5,"column":null}},"line":5}},"branchMap":{},"s":{"0":0,"1":0},"f":{"0":0},"b":{},"meta":{"lastBranch":0,"lastFunction":1,"lastStatement":2,"seen":{"f:2:2:2:Infinity":0,"s:3:11:3:Infinity":0,"s:4:11:4:Infinity":1}}}
,"C:\\Users\\MohammadTalhaNomani\\source\\repos\\github\\microsoft-account-profile-information\\source\\progressive-web-app\\Source\\Models\\version.model.ts": {"path":"C:\\Users\\MohammadTalhaNomani\\source\\repos\\github\\microsoft-account-profile-information\\source\\progressive-web-app\\Source\\Models\\version.model.ts","statementMap":{"0":{"start":{"line":3,"column":11},"end":{"line":3,"column":null}},"1":{"start":{"line":4,"column":11},"end":{"line":4,"column":null}}},"fnMap":{"0":{"name":"(anonymous_0)","decl":{"start":{"line":2,"column":2},"end":{"line":2,"column":null}},"loc":{"start":{"line":5,"column":4},"end":{"line":5,"column":null}},"line":5}},"branchMap":{},"s":{"0":0,"1":0},"f":{"0":0},"b":{},"meta":{"lastBranch":0,"lastFunction":1,"lastStatement":2,"seen":{"f:2:2:2:Infinity":0,"s:3:11:3:Infinity":0,"s:4:11:4:Infinity":1}}}
,"C:\\Users\\MohammadTalhaNomani\\source\\repos\\github\\microsoft-account-profile-information\\source\\progressive-web-app\\Source\\Pipes\\safe-url.pipe.ts": {"path":"C:\\Users\\MohammadTalhaNomani\\source\\repos\\github\\microsoft-account-profile-information\\source\\progressive-web-app\\Source\\Pipes\\safe-url.pipe.ts","statementMap":{"0":{"start":{"line":5,"column":7},"end":{"line":13,"column":null}},"1":{"start":{"line":6,"column":19},"end":{"line":6,"column":null}},"2":{"start":{"line":9,"column":4},"end":{"line":11,"column":null}},"3":{"start":{"line":5,"column":13},"end":{"line":5,"column":50}}},"fnMap":{"0":{"name":"(anonymous_0)","decl":{"start":{"line":8,"column":2},"end":{"line":8,"column":12}},"loc":{"start":{"line":8,"column":41},"end":{"line":12,"column":null}},"line":8}},"branchMap":{},"s":{"0":0,"1":0,"2":0,"3":0},"f":{"0":0},"b":{},"meta":{"lastBranch":0,"lastFunction":1,"lastStatement":4,"seen":{"s:5:7:13:Infinity":0,"s:6:19:6:Infinity":1,"f:8:2:8:12":0,"s:9:4:11:Infinity":2,"s:5:13:5:50":3}}}
,"C:\\Users\\MohammadTalhaNomani\\source\\repos\\github\\microsoft-account-profile-information\\source\\progressive-web-app\\Source\\Repositories\\authentcation.repository.ts": {"path":"C:\\Users\\MohammadTalhaNomani\\source\\repos\\github\\microsoft-account-profile-information\\source\\progressive-web-app\\Source\\Repositories\\authentcation.repository.ts","statementMap":{"0":{"start":{"line":20,"column":19},"end":{"line":20,"column":null}},"1":{"start":{"line":25,"column":6},"end":{"line":33,"column":null}},"2":{"start":{"line":35,"column":0},"end":{"line":38,"column":null}},"3":{"start":{"line":40,"column":0},"end":{"line":40,"column":null}},"4":{"start":{"line":43,"column":7},"end":{"line":79,"column":null}},"5":{"start":{"line":44,"column":17},"end":{"line":49,"column":null}},"6":{"start":{"line":46,"column":6},"end":{"line":46,"column":null}},"7":{"start":{"line":52,"column":4},"end":{"line":52,"column":null}},"8":{"start":{"line":56,"column":4},"end":{"line":56,"column":null}},"9":{"start":{"line":60,"column":4},"end":{"line":60,"column":null}},"10":{"start":{"line":64,"column":4},"end":{"line":70,"column":null}},"11":{"start":{"line":65,"column":16},"end":{"line":68,"column":null}},"12":{"start":{"line":71,"column":4},"end":{"line":71,"column":null}},"13":{"start":{"line":72,"column":4},"end":{"line":72,"column":null}},"14":{"start":{"line":76,"column":4},"end":{"line":76,"column":null}},"15":{"start":{"line":77,"column":4},"end":{"line":77,"column":null}},"16":{"start":{"line":43,"column":13},"end":{"line":43,"column":38}}},"fnMap":{"0":{"name":"(anonymous_0)","decl":{"start":{"line":45,"column":11},"end":{"line":45,"column":12}},"loc":{"start":{"line":45,"column":57},"end":{"line":47,"column":5}},"line":45},"1":{"name":"(anonymous_1)","decl":{"start":{"line":51,"column":13},"end":{"line":51,"column":20}},"loc":{"start":{"line":51,"column":20},"end":{"line":53,"column":null}},"line":51},"2":{"name":"(anonymous_2)","decl":{"start":{"line":55,"column":13},"end":{"line":55,"column":25}},"loc":{"start":{"line":55,"column":25},"end":{"line":57,"column":null}},"line":55},"3":{"name":"(anonymous_3)","decl":{"start":{"line":59,"column":13},"end":{"line":59,"column":35}},"loc":{"start":{"line":59,"column":35},"end":{"line":61,"column":null}},"line":59},"4":{"name":"(anonymous_4)","decl":{"start":{"line":63,"column":13},"end":{"line":63,"column":20}},"loc":{"start":{"line":63,"column":52},"end":{"line":73,"column":null}},"line":63},"5":{"name":"(anonymous_5)","decl":{"start":{"line":65,"column":6},"end":{"line":65,"column":16}},"loc":{"start":{"line":65,"column":16},"end":{"line":68,"column":null}},"line":65},"6":{"name":"(anonymous_6)","decl":{"start":{"line":75,"column":9},"end":{"line":75,"column":18}},"loc":{"start":{"line":75,"column":18},"end":{"line":78,"column":null}},"line":75}},"branchMap":{},"s":{"0":0,"1":0,"2":0,"3":0,"4":0,"5":0,"6":0,"7":0,"8":0,"9":0,"10":0,"11":0,"12":0,"13":0,"14":0,"15":0,"16":0},"f":{"0":0,"1":0,"2":0,"3":0,"4":0,"5":0,"6":0},"b":{},"meta":{"lastBranch":0,"lastFunction":7,"lastStatement":17,"seen":{"s:20:19:20:Infinity":0,"s:25:6:33:Infinity":1,"s:35:0:38:Infinity":2,"s:40:0:40:Infinity":3,"s:43:7:79:Infinity":4,"s:44:17:49:Infinity":5,"f:45:11:45:12":0,"s:46:6:46:Infinity":6,"f:51:13:51:20":1,"s:52:4:52:Infinity":7,"f:55:13:55:25":2,"s:56:4:56:Infinity":8,"f:59:13:59:35":3,"s:60:4:60:Infinity":9,"f:63:13:63:20":4,"s:64:4:70:Infinity":10,"f:65:6:65:16":5,"s:65:16:68:Infinity":11,"s:71:4:71:Infinity":12,"s:72:4:72:Infinity":13,"f:75:9:75:18":6,"s:76:4:76:Infinity":14,"s:77:4:77:Infinity":15,"s:43:13:43:38":16}}}
,"C:\\Users\\MohammadTalhaNomani\\source\\repos\\github\\microsoft-account-profile-information\\source\\progressive-web-app\\Source\\Repositories\\profile.repository.ts": {"path":"C:\\Users\\MohammadTalhaNomani\\source\\repos\\github\\microsoft-account-profile-information\\source\\progressive-web-app\\Source\\Repositories\\profile.repository.ts","statementMap":{"0":{"start":{"line":17,"column":19},"end":{"line":17,"column":null}},"1":{"start":{"line":22,"column":6},"end":{"line":29,"column":null}},"2":{"start":{"line":31,"column":0},"end":{"line":34,"column":null}},"3":{"start":{"line":36,"column":0},"end":{"line":36,"column":null}},"4":{"start":{"line":39,"column":7},"end":{"line":64,"column":null}},"5":{"start":{"line":40,"column":17},"end":{"line":45,"column":null}},"6":{"start":{"line":42,"column":6},"end":{"line":42,"column":null}},"7":{"start":{"line":48,"column":4},"end":{"line":48,"column":null}},"8":{"start":{"line":52,"column":4},"end":{"line":58,"column":null}},"9":{"start":{"line":53,"column":16},"end":{"line":56,"column":null}},"10":{"start":{"line":62,"column":4},"end":{"line":62,"column":null}},"11":{"start":{"line":39,"column":13},"end":{"line":39,"column":31}}},"fnMap":{"0":{"name":"(anonymous_0)","decl":{"start":{"line":41,"column":11},"end":{"line":41,"column":12}},"loc":{"start":{"line":41,"column":43},"end":{"line":43,"column":5}},"line":41},"1":{"name":"(anonymous_1)","decl":{"start":{"line":47,"column":13},"end":{"line":47,"column":25}},"loc":{"start":{"line":47,"column":25},"end":{"line":49,"column":null}},"line":47},"2":{"name":"(anonymous_2)","decl":{"start":{"line":51,"column":13},"end":{"line":51,"column":20}},"loc":{"start":{"line":51,"column":38},"end":{"line":59,"column":null}},"line":51},"3":{"name":"(anonymous_3)","decl":{"start":{"line":53,"column":6},"end":{"line":53,"column":16}},"loc":{"start":{"line":53,"column":16},"end":{"line":56,"column":null}},"line":53},"4":{"name":"(anonymous_4)","decl":{"start":{"line":61,"column":9},"end":{"line":61,"column":18}},"loc":{"start":{"line":61,"column":18},"end":{"line":63,"column":null}},"line":61}},"branchMap":{},"s":{"0":0,"1":0,"2":0,"3":0,"4":0,"5":0,"6":0,"7":0,"8":0,"9":0,"10":0,"11":0},"f":{"0":0,"1":0,"2":0,"3":0,"4":0},"b":{},"meta":{"lastBranch":0,"lastFunction":5,"lastStatement":12,"seen":{"s:17:19:17:Infinity":0,"s:22:6:29:Infinity":1,"s:31:0:34:Infinity":2,"s:36:0:36:Infinity":3,"s:39:7:64:Infinity":4,"s:40:17:45:Infinity":5,"f:41:11:41:12":0,"s:42:6:42:Infinity":6,"f:47:13:47:25":1,"s:48:4:48:Infinity":7,"f:51:13:51:20":2,"s:52:4:58:Infinity":8,"f:53:6:53:16":3,"s:53:16:56:Infinity":9,"f:61:9:61:18":4,"s:62:4:62:Infinity":10,"s:39:13:39:31":11}}}
,"C:\\Users\\MohammadTalhaNomani\\source\\repos\\github\\microsoft-account-profile-information\\source\\progressive-web-app\\Source\\Routes\\main.route.ts": {"path":"C:\\Users\\MohammadTalhaNomani\\source\\repos\\github\\microsoft-account-profile-information\\source\\progressive-web-app\\Source\\Routes\\main.route.ts","statementMap":{"0":{"start":{"line":10,"column":33},"end":{"line":40,"column":null}}},"fnMap":{},"branchMap":{},"s":{"0":0},"f":{},"b":{},"meta":{"lastBranch":0,"lastFunction":0,"lastStatement":1,"seen":{"s:10:33:40:Infinity":0}}}
,"C:\\Users\\MohammadTalhaNomani\\source\\repos\\github\\microsoft-account-profile-information\\source\\progressive-web-app\\Source\\Services\\authentication.service.stub.ts": {"path":"C:\\Users\\MohammadTalhaNomani\\source\\repos\\github\\microsoft-account-profile-information\\source\\progressive-web-app\\Source\\Services\\authentication.service.stub.ts","statementMap":{"0":{"start":{"line":11,"column":7},"end":{"line":40,"column":null}},"1":{"start":{"line":15,"column":10},"end":{"line":15,"column":null}},"2":{"start":{"line":17,"column":4},"end":{"line":17,"column":null}},"3":{"start":{"line":19,"column":4},"end":{"line":19,"column":null}},"4":{"start":{"line":23,"column":4},"end":{"line":26,"column":null}},"5":{"start":{"line":30,"column":4},"end":{"line":30,"column":null}},"6":{"start":{"line":34,"column":4},"end":{"line":38,"column":null}},"7":{"start":{"line":36,"column":8},"end":{"line":36,"column":null}},"8":{"start":{"line":11,"column":13},"end":{"line":11,"column":47}}},"fnMap":{"0":{"name":"(anonymous_0)","decl":{"start":{"line":14,"column":2},"end":{"line":14,"column":16}},"loc":{"start":{"line":14,"column":16},"end":{"line":20,"column":null}},"line":14},"1":{"name":"(anonymous_1)","decl":{"start":{"line":22,"column":11},"end":{"line":22,"column":25}},"loc":{"start":{"line":22,"column":25},"end":{"line":27,"column":null}},"line":22},"2":{"name":"(anonymous_2)","decl":{"start":{"line":29,"column":11},"end":{"line":29,"column":26}},"loc":{"start":{"line":29,"column":26},"end":{"line":31,"column":null}},"line":29},"3":{"name":"(anonymous_3)","decl":{"start":{"line":33,"column":11},"end":{"line":33,"column":44}},"loc":{"start":{"line":33,"column":44},"end":{"line":39,"column":null}},"line":33},"4":{"name":"(anonymous_4)","decl":{"start":{"line":35,"column":10},"end":{"line":35,"column":16}},"loc":{"start":{"line":35,"column":16},"end":{"line":37,"column":7}},"line":35}},"branchMap":{},"s":{"0":0,"1":0,"2":0,"3":0,"4":0,"5":0,"6":0,"7":0,"8":0},"f":{"0":0,"1":0,"2":0,"3":0,"4":0},"b":{},"meta":{"lastBranch":0,"lastFunction":5,"lastStatement":9,"seen":{"s:11:7:40:Infinity":0,"f:14:2:14:16":0,"s:15:10:15:Infinity":1,"s:17:4:17:Infinity":2,"s:19:4:19:Infinity":3,"f:22:11:22:25":1,"s:23:4:26:Infinity":4,"f:29:11:29:26":2,"s:30:4:30:Infinity":5,"f:33:11:33:44":3,"s:34:4:38:Infinity":6,"f:35:10:35:16":4,"s:36:8:36:Infinity":7,"s:11:13:11:47":8}}}
[...]
,"C:\\Users\\MohammadTalhaNomani\\source\\repos\\github\\microsoft-account-profile-information\\source\\progressive-web-app\\Source\\Services\\push.service.ts": {"path":"C:\\Users\\MohammadTalhaNomani\\source\\repos\\github\\microsoft-account-profile-information\\source\\progressive-web-app\\Source\\Services\\push.service.ts","statementMap":{"0":{"start":{"line":12,"column":7},"end":{"line":131,"column":null}},"1":{"start":{"line":13,"column":19},"end":{"line":13,"column":null}},"2":{"start":{"line":14,"column":19},"end":{"line":14,"column":null}},"3":{"start":{"line":15,"column":19},"end":{"line":15,"column":null}},"4":{"start":{"line":18,"column":4},"end":{"line":18,"column":null}},"5":{"start":{"line":21,"column":4},"end":{"line":43,"column":null}},"6":{"start":{"line":22,"column":6},"end":{"line":42,"column":null}},"7":{"start":{"line":28,"column":10},"end":{"line":31,"column":null}},"8":{"start":{"line":34,"column":10},"end":{"line":36,"column":null}},"9":{"start":{"line":37,"column":10},"end":{"line":37,"column":null}},"10":{"start":{"line":40,"column":10},"end":{"line":40,"column":null}},"11":{"start":{"line":44,"column":4},"end":{"line":44,"column":null}},"12":{"start":{"line":48,"column":4},"end":{"line":70,"column":null}},"13":{"start":{"line":49,"column":6},"end":{"line":69,"column":null}},"14":{"start":{"line":52,"column":12},"end":{"line":57,"column":null}},"15":{"start":{"line":60,"column":12},"end":{"line":60,"column":null}},"16":{"start":{"line":63,"column":12},"end":{"line":66,"column":null}},"17":{"start":{"line":71,"column":4},"end":{"line":71,"column":null}},"18":{"start":{"line":75,"column":4},"end":{"line":87,"column":null}},"19":{"start":{"line":79,"column":10},"end":{"line":82,"column":null}},"20":{"start":{"line":86,"column":8},"end":{"line":86,"column":null}},"21":{"start":{"line":88,"column":4},"end":{"line":88,"column":null}},"22":{"start":{"line":92,"column":4},"end":{"line":98,"column":null}},"23":{"start":{"line":93,"column":6},"end":{"line":97,"column":null}},"24":{"start":{"line":95,"column":10},"end":{"line":95,"column":null}},"25":{"start":{"line":99,"column":4},"end":{"line":99,"column":null}},"26":{"start":{"line":103,"column":4},"end":{"line":128,"column":null}},"27":{"start":{"line":104,"column":6},"end":{"line":127,"column":null}},"28":{"start":{"line":106,"column":10},"end":{"line":114,"column":null}},"29":{"start":{"line":107,"column":12},"end":{"line":111,"column":null}},"30":{"start":{"line":113,"column":12},"end":{"line":113,"column":null}},"31":{"start":{"line":117,"column":10},"end":{"line":122,"column":null}},"32":{"start":{"line":119,"column":14},"end":{"line":119,"column":null}},"33":{"start":{"line":120,"column":14},"end":{"line":120,"column":null}},"34":{"start":{"line":125,"column":10},"end":{"line":125,"column":null}},"35":{"start":{"line":129,"column":4},"end":{"line":129,"column":null}},"36":{"start":{"line":12,"column":13},"end":{"line":12,"column":25}}},"fnMap":{"0":{"name":"(anonymous_0)","decl":{"start":{"line":20,"column":9},"end":{"line":20,"column":42}},"loc":{"start":{"line":20,"column":42},"end":{"line":45,"column":null}},"line":20},"1":{"name":"(anonymous_1)","decl":{"start":{"line":27,"column":18},"end":{"line":27,"column":19}},"loc":{"start":{"line":27,"column":47},"end":{"line":32,"column":9}},"line":27},"2":{"name":"(anonymous_2)","decl":{"start":{"line":33,"column":12},"end":{"line":33,"column":18}},"loc":{"start":{"line":33,"column":18},"end":{"line":38,"column":9}},"line":33},"3":{"name":"(anonymous_3)","decl":{"start":{"line":39,"column":19},"end":{"line":39,"column":28}},"loc":{"start":{"line":39,"column":28},"end":{"line":41,"column":9}},"line":39},"4":{"name":"(anonymous_4)","decl":{"start":{"line":47,"column":9},"end":{"line":47,"column":24}},"loc":{"start":{"line":47,"column":63},"end":{"line":72,"column":null}},"line":47},"5":{"name":"(anonymous_5)","decl":{"start":{"line":51,"column":20},"end":{"line":51,"column":21}},"loc":{"start":{"line":51,"column":49},"end":{"line":58,"column":11}},"line":51},"6":{"name":"(anonymous_6)","decl":{"start":{"line":59,"column":14},"end":{"line":59,"column":20}},"loc":{"start":{"line":59,"column":20},"end":{"line":61,"column":11}},"line":59},"7":{"name":"(anonymous_7)","decl":{"start":{"line":62,"column":21},"end":{"line":62,"column":30}},"loc":{"start":{"line":62,"column":30},"end":{"line":67,"column":11}},"line":62},"8":{"name":"(anonymous_8)","decl":{"start":{"line":74,"column":13},"end":{"line":74,"column":41}},"loc":{"start":{"line":74,"column":41},"end":{"line":89,"column":null}},"line":74},"9":{"name":"(anonymous_9)","decl":{"start":{"line":78,"column":19},"end":{"line":78,"column":28}},"loc":{"start":{"line":78,"column":28},"end":{"line":83,"column":9}},"line":78},"10":{"name":"(anonymous_10)","decl":{"start":{"line":85,"column":17},"end":{"line":85,"column":18}},"loc":{"start":{"line":85,"column":36},"end":{"line":87,"column":7}},"line":85},"11":{"name":"(anonymous_11)","decl":{"start":{"line":91,"column":13},"end":{"line":91,"column":49}},"loc":{"start":{"line":91,"column":49},"end":{"line":100,"column":null}},"line":91},"12":{"name":"(anonymous_12)","decl":{"start":{"line":94,"column":12},"end":{"line":94,"column":13}},"loc":{"start":{"line":94,"column":41},"end":{"line":96,"column":9}},"line":94},"13":{"name":"(anonymous_13)","decl":{"start":{"line":102,"column":13},"end":{"line":102,"column":45}},"loc":{"start":{"line":102,"column":45},"end":{"line":130,"column":null}},"line":102},"14":{"name":"(anonymous_14)","decl":{"start":{"line":105,"column":18},"end":{"line":105,"column":19}},"loc":{"start":{"line":105,"column":47},"end":{"line":115,"column":9}},"line":105},"15":{"name":"(anonymous_15)","decl":{"start":{"line":116,"column":18},"end":{"line":116,"column":24}},"loc":{"start":{"line":116,"column":24},"end":{"line":123,"column":9}},"line":116},"16":{"name":"(anonymous_16)","decl":{"start":{"line":118,"column":23},"end":{"line":118,"column":32}},"loc":{"start":{"line":118,"column":32},"end":{"line":121,"column":13}},"line":118},"17":{"name":"(anonymous_17)","decl":{"start":{"line":124,"column":19},"end":{"line":124,"column":28}},"loc":{"start":{"line":124,"column":28},"end":{"line":126,"column":9}},"line":124}},"branchMap":{"0":{"loc":{"start":{"line":21,"column":4},"end":{"line":43,"column":null}},"type":"if","locations":[{"start":{"line":21,"column":4},"end":{"line":43,"column":null}},{"start":{},"end":{}}],"line":21},"1":{"loc":{"start":{"line":48,"column":4},"end":{"line":70,"column":null}},"type":"if","locations":[{"start":{"line":48,"column":4},"end":{"line":70,"column":null}},{"start":{},"end":{}}],"line":48},"2":{"loc":{"start":{"line":92,"column":4},"end":{"line":98,"column":null}},"type":"if","locations":[{"start":{"line":92,"column":4},"end":{"line":98,"column":null}},{"start":{},"end":{}}],"line":92},"3":{"loc":{"start":{"line":103,"column":4},"end":{"line":128,"column":null}},"type":"if","locations":[{"start":{"line":103,"column":4},"end":{"line":128,"column":null}},{"start":{},"end":{}}],"line":103},"4":{"loc":{"start":{"line":106,"column":10},"end":{"line":114,"column":null}},"type":"if","locations":[{"start":{"line":106,"column":10},"end":{"line":114,"column":null}},{"start":{"line":112,"column":17},"end":{"line":114,"column":null}}],"line":106}},"s":{"0":0,"1":0,"2":0,"3":0,"4":0,"5":0,"6":0,"7":0,"8":0,"9":0,"10":0,"11":0,"12":0,"13":0,"14":0,"15":0,"16":0,"17":0,"18":0,"19":0,"20":0,"21":0,"22":0,"23":0,"24":0,"25":0,"26":0,"27":0,"28":0,"29":0,"30":0,"31":0,"32":0,"33":0,"34":0,"35":0,"36":0},"f":{"0":0,"1":0,"2":0,"3":0,"4":0,"5":0,"6":0,"7":0,"8":0,"9":0,"10":0,"11":0,"12":0,"13":0,"14":0,"15":0,"16":0,"17":0},"b":{"0":[0,0],"1":[0,0],"2":[0,0],"3":[0,0],"4":[0,0]},"meta":{"lastBranch":5,"lastFunction":18,"lastStatement":37,"seen":{"s:12:7:131:Infinity":0,"s:13:19:13:Infinity":1,"s:14:19:14:Infinity":2,"s:15:19:15:Infinity":3,"s:18:4:18:Infinity":4,"f:20:9:20:42":0,"b:21:4:43:Infinity:undefined:undefined:undefined:undefined":0,"s:21:4:43:Infinity":5,"s:22:6:42:Infinity":6,"f:27:18:27:19":1,"s:28:10:31:Infinity":7,"f:33:12:33:18":2,"s:34:10:36:Infinity":8,"s:37:10:37:Infinity":9,"f:39:19:39:28":3,"s:40:10:40:Infinity":10,"s:44:4:44:Infinity":11,"f:47:9:47:24":4,"b:48:4:70:Infinity:undefined:undefined:undefined:undefined":1,"s:48:4:70:Infinity":12,"s:49:6:69:Infinity":13,"f:51:20:51:21":5,"s:52:12:57:Infinity":14,"f:59:14:59:20":6,"s:60:12:60:Infinity":15,"f:62:21:62:30":7,"s:63:12:66:Infinity":16,"s:71:4:71:Infinity":17,"f:74:13:74:41":8,"s:75:4:87:Infinity":18,"f:78:19:78:28":9,"s:79:10:82:Infinity":19,"f:85:17:85:18":10,"s:86:8:86:Infinity":20,"s:88:4:88:Infinity":21,"f:91:13:91:49":11,"b:92:4:98:Infinity:undefined:undefined:undefined:undefined":2,"s:92:4:98:Infinity":22,"s:93:6:97:Infinity":23,"f:94:12:94:13":12,"s:95:10:95:Infinity":24,"s:99:4:99:Infinity":25,"f:102:13:102:45":13,"b:103:4:128:Infinity:undefined:undefined:undefined:undefined":3,"s:103:4:128:Infinity":26,"s:104:6:127:Infinity":27,"f:105:18:105:19":14,"b:106:10:114:Infinity:112:17:114:Infinity":4,"s:106:10:114:Infinity":28,"s:107:12:111:Infinity":29,"s:113:12:113:Infinity":30,"f:116:18:116:24":15,"s:117:10:122:Infinity":31,"f:118:23:118:32":16,"s:119:14:119:Infinity":32,"s:120:14:120:Infinity":33,"f:124:19:124:28":17,"s:125:10:125:Infinity":34,"s:129:4:129:Infinity":35,"s:12:13:12:25":36}}}
,"C:\\Users\\MohammadTalhaNomani\\source\\repos\\github\\microsoft-account-profile-information\\source\\progressive-web-app\\Source\\Services\\signalr.service.stub.ts": {"path":"C:\\Users\\MohammadTalhaNomani\\source\\repos\\github\\microsoft-account-profile-information\\source\\progressive-web-app\\Source\\Services\\signalr.service.stub.ts","statementMap":{"0":{"start":{"line":7,"column":7},"end":{"line":11,"column":null}},"1":{"start":{"line":9,"column":4},"end":{"line":9,"column":null}},"2":{"start":{"line":7,"column":13},"end":{"line":7,"column":40}}},"fnMap":{"0":{"name":"(anonymous_0)","decl":{"start":{"line":8,"column":22},"end":{"line":8,"column":54}},"loc":{"start":{"line":8,"column":54},"end":{"line":10,"column":null}},"line":8}},"branchMap":{},"s":{"0":0,"1":0,"2":0},"f":{"0":0},"b":{},"meta":{"lastBranch":0,"lastFunction":1,"lastStatement":3,"seen":{"s:7:7:11:Infinity":0,"f:8:22:8:54":0,"s:9:4:9:Infinity":1,"s:7:13:7:40":2}}}
,"C:\\Users\\MohammadTalhaNomani\\source\\repos\\github\\microsoft-account-profile-information\\source\\progressive-web-app\\Source\\Services\\signalr.service.ts": {"path":"C:\\Users\\MohammadTalhaNomani\\source\\repos\\github\\microsoft-account-profile-information\\source\\progressive-web-app\\Source\\Services\\signalr.service.ts","statementMap":{"0":{"start":{"line":16,"column":7},"end":{"line":72,"column":null}},"1":{"start":{"line":17,"column":19},"end":{"line":17,"column":null}},"2":{"start":{"line":20,"column":45},"end":{"line":20,"column":null}},"3":{"start":{"line":23,"column":4},"end":{"line":23,"column":null}},"4":{"start":{"line":24,"column":4},"end":{"line":56,"column":null}},"5":{"start":{"line":28,"column":10},"end":{"line":30,"column":null}},"6":{"start":{"line":29,"column":60},"end":{"line":29,"column":78}},"7":{"start":{"line":31,"column":10},"end":{"line":36,"column":null}},"8":{"start":{"line":34,"column":14},"end":{"line":34,"column":null}},"9":{"start":{"line":37,"column":10},"end":{"line":41,"column":null}},"10":{"start":{"line":38,"column":12},"end":{"line":38,"column":null}},"11":{"start":{"line":39,"column":12},"end":{"line":39,"column":null}},"12":{"start":{"line":40,"column":12},"end":{"line":40,"column":null}},"13":{"start":{"line":42,"column":10},"end":{"line":47,"column":null}},"14":{"start":{"line":44,"column":24},"end":{"line":44,"column":57}},"15":{"start":{"line":46,"column":14},"end":{"line":46,"column":null}},"16":{"start":{"line":50,"column":10},"end":{"line":53,"column":null}},"17":{"start":{"line":60,"column":4},"end":{"line":66,"column":null}},"18":{"start":{"line":61,"column":6},"end":{"line":65,"column":null}},"19":{"start":{"line":62,"column":8},"end":{"line":64,"column":null}},"20":{"start":{"line":63,"column":10},"end":{"line":63,"column":null}},"21":{"start":{"line":70,"column":4},"end":{"line":70,"column":null}},"22":{"start":{"line":16,"column":13},"end":{"line":16,"column":28}}},"fnMap":{"0":{"name":"(anonymous_0)","decl":{"start":{"line":22,"column":9},"end":{"line":22,"column":33}},"loc":{"start":{"line":22,"column":33},"end":{"line":57,"column":null}},"line":22},"1":{"name":"(anonymous_1)","decl":{"start":{"line":27,"column":12},"end":{"line":27,"column":13}},"loc":{"start":{"line":27,"column":42},"end":{"line":48,"column":9}},"line":27},"2":{"name":"(anonymous_2)","decl":{"start":{"line":29,"column":54},"end":{"line":29,"column":60}},"loc":{"start":{"line":29,"column":60},"end":{"line":29,"column":78}},"line":29},"3":{"name":"(anonymous_3)","decl":{"start":{"line":33,"column":12},"end":{"line":33,"column":13}},"loc":{"start":{"line":33,"column":42},"end":{"line":35,"column":null}},"line":33},"4":{"name":"(anonymous_4)","decl":{"start":{"line":37,"column":41},"end":{"line":37,"column":50}},"loc":{"start":{"line":37,"column":50},"end":{"line":41,"column":11}},"line":37},"5":{"name":"(anonymous_5)","decl":{"start":{"line":44,"column":18},"end":{"line":44,"column":24}},"loc":{"start":{"line":44,"column":24},"end":{"line":44,"column":57}},"line":44},"6":{"name":"(anonymous_6)","decl":{"start":{"line":45,"column":19},"end":{"line":45,"column":28}},"loc":{"start":{"line":45,"column":28},"end":{"line":47,"column":13}},"line":45},"7":{"name":"(anonymous_7)","decl":{"start":{"line":49,"column":19},"end":{"line":49,"column":28}},"loc":{"start":{"line":49,"column":28},"end":{"line":54,"column":9}},"line":49},"8":{"name":"(anonymous_8)","decl":{"start":{"line":59,"column":9},"end":{"line":59,"column":32}},"loc":{"start":{"line":59,"column":32},"end":{"line":67,"column":null}},"line":59},"9":{"name":"(anonymous_9)","decl":{"start":{"line":62,"column":43},"end":{"line":62,"column":49}},"loc":{"start":{"line":62,"column":49},"end":{"line":64,"column":9}},"line":62},"10":{"name":"(anonymous_10)","decl":{"start":{"line":69,"column":13},"end":{"line":69,"column":45}},"loc":{"start":{"line":69,"column":45},"end":{"line":71,"column":null}},"line":69}},"branchMap":{"0":{"loc":{"start":{"line":60,"column":4},"end":{"line":66,"column":null}},"type":"if","locations":[{"start":{"line":60,"column":4},"end":{"line":66,"column":null}},{"start":{},"end":{}}],"line":60},"1":{"loc":{"start":{"line":61,"column":6},"end":{"line":65,"column":null}},"type":"if","locations":[{"start":{"line":61,"column":6},"end":{"line":65,"column":null}},{"start":{},"end":{}}],"line":61}},"s":{"0":0,"1":0,"2":0,"3":0,"4":0,"5":0,"6":0,"7":0,"8":0,"9":0,"10":0,"11":0,"12":0,"13":0,"14":0,"15":0,"16":0,"17":0,"18":0,"19":0,"20":0,"21":0,"22":0},"f":{"0":0,"1":0,"2":0,"3":0,"4":0,"5":0,"6":0,"7":0,"8":0,"9":0,"10":0},"b":{"0":[0,0],"1":[0,0]},"meta":{"lastBranch":2,"lastFunction":11,"lastStatement":23,"seen":{"s:16:7:72:Infinity":0,"s:17:19:17:Infinity":1,"s:20:45:20:Infinity":2,"f:22:9:22:33":0,"s:23:4:23:Infinity":3,"s:24:4:56:Infinity":4,"f:27:12:27:13":1,"s:28:10:30:Infinity":5,"f:29:54:29:60":2,"s:29:60:29:78":6,"s:31:10:36:Infinity":7,"f:33:12:33:13":3,"s:34:14:34:Infinity":8,"s:37:10:41:Infinity":9,"f:37:41:37:50":4,"s:38:12:38:Infinity":10,"s:39:12:39:Infinity":11,"s:40:12:40:Infinity":12,"s:42:10:47:Infinity":13,"f:44:18:44:24":5,"s:44:24:44:57":14,"f:45:19:45:28":6,"s:46:14:46:Infinity":15,"f:49:19:49:28":7,"s:50:10:53:Infinity":16,"f:59:9:59:32":8,"b:60:4:66:Infinity:undefined:undefined:undefined:undefined":0,"s:60:4:66:Infinity":17,"b:61:6:65:Infinity:undefined:undefined:undefined:undefined":1,"s:61:6:65:Infinity":18,"s:62:8:64:Infinity":19,"f:62:43:62:49":9,"s:63:10:63:Infinity":20,"f:69:13:69:45":10,"s:70:4:70:Infinity":21,"s:16:13:16:28":22}}}
,"C:\\Users\\MohammadTalhaNomani\\source\\repos\\github\\microsoft-account-profile-information\\source\\progressive-web-app\\Source\\Transloco\\translation-loader.service.ts": {"path":"C:\\Users\\MohammadTalhaNomani\\source\\repos\\github\\microsoft-account-profile-information\\source\\progressive-web-app\\Source\\Transloco\\translation-loader.service.ts","statementMap":{"0":{"start":{"line":8,"column":7},"end":{"line":14,"column":null}},"1":{"start":{"line":9,"column":19},"end":{"line":9,"column":null}},"2":{"start":{"line":12,"column":4},"end":{"line":12,"column":null}},"3":{"start":{"line":8,"column":13},"end":{"line":8,"column":58}}},"fnMap":{"0":{"name":"(anonymous_0)","decl":{"start":{"line":11,"column":2},"end":{"line":11,"column":17}},"loc":{"start":{"line":11,"column":31},"end":{"line":13,"column":null}},"line":11}},"branchMap":{},"s":{"0":0,"1":0,"2":0,"3":0},"f":{"0":0},"b":{},"meta":{"lastBranch":0,"lastFunction":1,"lastStatement":4,"seen":{"s:8:7:14:Infinity":0,"s:9:19:9:Infinity":1,"f:11:2:11:17":0,"s:12:4:12:Infinity":2,"s:8:13:8:58":3}}}
,"C:\\Users\\MohammadTalhaNomani\\source\\repos\\github\\microsoft-account-profile-information\\source\\progressive-web-app\\Source\\Transloco\\translation-testing.module.ts": {"path":"C:\\Users\\MohammadTalhaNomani\\source\\repos\\github\\microsoft-account-profile-information\\source\\progressive-web-app\\Source\\Transloco\\translation-testing.module.ts","statementMap":{"0":{"start":{"line":12,"column":2},"end":{"line":21,"column":null}}},"fnMap":{"0":{"name":"getTranslationTestingModule","decl":{"start":{"line":9,"column":16},"end":{"line":9,"column":null}},"loc":{"start":{"line":11,"column":2},"end":{"line":22,"column":null}},"line":11}},"branchMap":{"0":{"loc":{"start":{"line":10,"column":2},"end":{"line":10,"column":null}},"type":"default-arg","locations":[{"start":{"line":10,"column":37},"end":{"line":10,"column":null}}],"line":10}},"s":{"0":0},"f":{"0":0},"b":{"0":[0]},"meta":{"lastBranch":1,"lastFunction":1,"lastStatement":1,"seen":{"f:9:16:9:Infinity":0,"b:10:37:10:Infinity":0,"s:12:2:21:Infinity":0}}}
,"C:\\Users\\MohammadTalhaNomani\\source\\repos\\github\\microsoft-account-profile-information\\source\\progressive-web-app\\Source\\Transloco\\translation.configuration.ts": {"path":"C:\\Users\\MohammadTalhaNomani\\source\\repos\\github\\microsoft-account-profile-information\\source\\progressive-web-app\\Source\\Transloco\\translation.configuration.ts","statementMap":{"0":{"start":{"line":3,"column":4},"end":{"line":3,"column":null}},"1":{"start":{"line":4,"column":46},"end":{"line":4,"column":null}}},"fnMap":{},"branchMap":{},"s":{"0":0,"1":0},"f":{},"b":{},"meta":{"lastBranch":0,"lastFunction":0,"lastStatement":2,"seen":{"s:3:4:3:Infinity":0,"s:4:46:4:Infinity":1}}}
,"C:\\Users\\MohammadTalhaNomani\\source\\repos\\github\\microsoft-account-profile-information\\source\\progressive-web-app\\Source\\Transloco\\translation.module.ts": {"path":"C:\\Users\\MohammadTalhaNomani\\source\\repos\\github\\microsoft-account-profile-information\\source\\progressive-web-app\\Source\\Transloco\\translation.module.ts","statementMap":{"0":{"start":{"line":29,"column":7},"end":{"line":29,"column":null}},"1":{"start":{"line":29,"column":13},"end":{"line":29,"column":31}}},"fnMap":{},"branchMap":{},"s":{"0":0,"1":0},"f":{},"b":{},"meta":{"lastBranch":0,"lastFunction":0,"lastStatement":2,"seen":{"s:29:7:29:Infinity":0,"s:29:13:29:31":1}}}
}
